F:\WSN_SIMULATION\WSN_MAIN\DEBUG\WSN_MAIN.OBJ
F:\WSN_SIMULATION\WSN_MAIN\DEBUG\VC110.PDB
F:\WSN_SIMULATION\WSN_MAIN\DEBUG\STRUCT_LINKLIST.OBJ
F:\WSN_SIMULATION\WSN_MAIN\DEBUG\FILE.OBJ
F:\WSN_SIMULATION\WSN_MAIN\DEBUG\WSNFILE.OBJ
F:\WSN_SIMULATION\WSN_MAIN\DEBUG\WSN_MAIN.ILK
F:\WSN_SIMULATION\WSN_MAIN\DEBUG\WSN_MAIN.EXE
F:\WSN_SIMULATION\WSN_MAIN\DEBUG\WSN_MAIN.PDB
F:\WSN_Simulation\WSN_Main\Debug\WSN_Main.vcxprojResolveAssemblyReference.cache
F:\WSN_Simulation\WSN_Main\Debug\File.obj
F:\WSN_Simulation\WSN_Main\Debug\Struct_Linklist.obj
F:\WSN_Simulation\WSN_Main\Debug\WSN_Main.ilk
F:\WSN_Simulation\WSN_Main\Debug\cl.command.1.tlog
F:\WSN_Simulation\WSN_Main\Debug\CL.read.1.tlog
F:\WSN_Simulation\WSN_Main\Debug\CL.write.1.tlog
F:\WSN_Simulation\WSN_Main\Debug\link-cvtres.read.1.tlog
F:\WSN_Simulation\WSN_Main\Debug\link-cvtres.write.1.tlog
F:\WSN_Simulation\WSN_Main\Debug\link-rc.read.1.tlog
F:\WSN_Simulation\WSN_Main\Debug\link-rc.write.1.tlog
F:\WSN_Simulation\WSN_Main\Debug\link.10172-cvtres.read.1.tlog
F:\WSN_Simulation\WSN_Main\Debug\link.10172-cvtres.write.1.tlog
F:\WSN_Simulation\WSN_Main\Debug\link.10172-rc.read.1.tlog
F:\WSN_Simulation\WSN_Main\Debug\link.10172-rc.write.1.tlog
F:\WSN_Simulation\WSN_Main\Debug\link.10172.read.1.tlog
F:\WSN_Simulation\WSN_Main\Debug\link.10172.write.1.tlog
F:\WSN_Simulation\WSN_Main\Debug\link.10200-cvtres.read.1.tlog
F:\WSN_Simulation\WSN_Main\Debug\link.10200-cvtres.write.1.tlog
F:\WSN_Simulation\WSN_Main\Debug\link.10200-rc.read.1.tlog
F:\WSN_Simulation\WSN_Main\Debug\link.10200-rc.write.1.tlog
F:\WSN_Simulation\WSN_Main\Debug\link.10200.read.1.tlog
F:\WSN_Simulation\WSN_Main\Debug\link.10200.write.1.tlog
F:\WSN_Simulation\WSN_Main\Debug\link.10692-cvtres.read.1.tlog
F:\WSN_Simulation\WSN_Main\Debug\link.10692-cvtres.write.1.tlog
F:\WSN_Simulation\WSN_Main\Debug\link.10692-rc.read.1.tlog
F:\WSN_Simulation\WSN_Main\Debug\link.10692-rc.write.1.tlog
F:\WSN_Simulation\WSN_Main\Debug\link.10692.read.1.tlog
F:\WSN_Simulation\WSN_Main\Debug\link.10692.write.1.tlog
F:\WSN_Simulation\WSN_Main\Debug\link.1132-cvtres.read.1.tlog
F:\WSN_Simulation\WSN_Main\Debug\link.1132-cvtres.write.1.tlog
F:\WSN_Simulation\WSN_Main\Debug\link.1132-rc.read.1.tlog
F:\WSN_Simulation\WSN_Main\Debug\link.1132-rc.write.1.tlog
F:\WSN_Simulation\WSN_Main\Debug\link.1132.read.1.tlog
F:\WSN_Simulation\WSN_Main\Debug\link.1132.write.1.tlog
F:\WSN_Simulation\WSN_Main\Debug\link.11408-cvtres.read.1.tlog
F:\WSN_Simulation\WSN_Main\Debug\link.11408-cvtres.write.1.tlog
F:\WSN_Simulation\WSN_Main\Debug\link.11408-rc.read.1.tlog
F:\WSN_Simulation\WSN_Main\Debug\link.11408-rc.write.1.tlog
F:\WSN_Simulation\WSN_Main\Debug\link.11408.read.1.tlog
F:\WSN_Simulation\WSN_Main\Debug\link.11408.write.1.tlog
F:\WSN_Simulation\WSN_Main\Debug\link.1144-cvtres.read.1.tlog
F:\WSN_Simulation\WSN_Main\Debug\link.1144-cvtres.write.1.tlog
F:\WSN_Simulation\WSN_Main\Debug\link.1144-rc.read.1.tlog
F:\WSN_Simulation\WSN_Main\Debug\link.1144-rc.write.1.tlog
F:\WSN_Simulation\WSN_Main\Debug\link.1144.read.1.tlog
F:\WSN_Simulation\WSN_Main\Debug\link.1144.write.1.tlog
F:\WSN_Simulation\WSN_Main\Debug\link.11508-cvtres.read.1.tlog
F:\WSN_Simulation\WSN_Main\Debug\link.11508-cvtres.write.1.tlog
F:\WSN_Simulation\WSN_Main\Debug\link.11508-rc.read.1.tlog
F:\WSN_Simulation\WSN_Main\Debug\link.11508-rc.write.1.tlog
F:\WSN_Simulation\WSN_Main\Debug\link.11508.read.1.tlog
F:\WSN_Simulation\WSN_Main\Debug\link.11508.write.1.tlog
F:\WSN_Simulation\WSN_Main\Debug\link.1256-cvtres.read.1.tlog
F:\WSN_Simulation\WSN_Main\Debug\link.1256-cvtres.write.1.tlog
F:\WSN_Simulation\WSN_Main\Debug\link.1256-rc.read.1.tlog
F:\WSN_Simulation\WSN_Main\Debug\link.1256-rc.write.1.tlog
F:\WSN_Simulation\WSN_Main\Debug\link.1256.read.1.tlog
F:\WSN_Simulation\WSN_Main\Debug\link.1256.write.1.tlog
F:\WSN_Simulation\WSN_Main\Debug\link.12812-cvtres.read.1.tlog
F:\WSN_Simulation\WSN_Main\Debug\link.12812-cvtres.write.1.tlog
F:\WSN_Simulation\WSN_Main\Debug\link.12812-rc.read.1.tlog
F:\WSN_Simulation\WSN_Main\Debug\link.12812-rc.write.1.tlog
F:\WSN_Simulation\WSN_Main\Debug\link.12812.read.1.tlog
F:\WSN_Simulation\WSN_Main\Debug\link.12812.write.1.tlog
F:\WSN_Simulation\WSN_Main\Debug\link.1328-cvtres.read.1.tlog
F:\WSN_Simulation\WSN_Main\Debug\link.1328-cvtres.write.1.tlog
F:\WSN_Simulation\WSN_Main\Debug\link.1328-rc.read.1.tlog
F:\WSN_Simulation\WSN_Main\Debug\link.1328-rc.write.1.tlog
F:\WSN_Simulation\WSN_Main\Debug\link.1328.read.1.tlog
F:\WSN_Simulation\WSN_Main\Debug\link.1328.write.1.tlog
F:\WSN_Simulation\WSN_Main\Debug\link.13660-cvtres.read.1.tlog
F:\WSN_Simulation\WSN_Main\Debug\link.13660-cvtres.write.1.tlog
F:\WSN_Simulation\WSN_Main\Debug\link.13660-rc.read.1.tlog
F:\WSN_Simulation\WSN_Main\Debug\link.13660-rc.write.1.tlog
F:\WSN_Simulation\WSN_Main\Debug\link.13660.read.1.tlog
F:\WSN_Simulation\WSN_Main\Debug\link.13660.write.1.tlog
F:\WSN_Simulation\WSN_Main\Debug\link.1388-cvtres.read.1.tlog
F:\WSN_Simulation\WSN_Main\Debug\link.1388-cvtres.write.1.tlog
F:\WSN_Simulation\WSN_Main\Debug\link.1388-rc.read.1.tlog
F:\WSN_Simulation\WSN_Main\Debug\link.1388-rc.write.1.tlog
F:\WSN_Simulation\WSN_Main\Debug\link.1388.read.1.tlog
F:\WSN_Simulation\WSN_Main\Debug\link.1388.write.1.tlog
F:\WSN_Simulation\WSN_Main\Debug\link.1424-cvtres.read.1.tlog
F:\WSN_Simulation\WSN_Main\Debug\link.1424-cvtres.write.1.tlog
F:\WSN_Simulation\WSN_Main\Debug\link.1424-rc.read.1.tlog
F:\WSN_Simulation\WSN_Main\Debug\link.1424-rc.write.1.tlog
F:\WSN_Simulation\WSN_Main\Debug\link.1424.read.1.tlog
F:\WSN_Simulation\WSN_Main\Debug\link.1424.write.1.tlog
F:\WSN_Simulation\WSN_Main\Debug\link.1460-cvtres.read.1.tlog
F:\WSN_Simulation\WSN_Main\Debug\link.1460-cvtres.write.1.tlog
F:\WSN_Simulation\WSN_Main\Debug\link.1460-rc.read.1.tlog
F:\WSN_Simulation\WSN_Main\Debug\link.1460-rc.write.1.tlog
F:\WSN_Simulation\WSN_Main\Debug\link.1460.read.1.tlog
F:\WSN_Simulation\WSN_Main\Debug\link.1460.write.1.tlog
F:\WSN_Simulation\WSN_Main\Debug\link.1596-cvtres.read.1.tlog
F:\WSN_Simulation\WSN_Main\Debug\link.1596-cvtres.write.1.tlog
F:\WSN_Simulation\WSN_Main\Debug\link.1596-rc.read.1.tlog
F:\WSN_Simulation\WSN_Main\Debug\link.1596-rc.write.1.tlog
F:\WSN_Simulation\WSN_Main\Debug\link.1596.read.1.tlog
F:\WSN_Simulation\WSN_Main\Debug\link.1596.write.1.tlog
F:\WSN_Simulation\WSN_Main\Debug\link.17684-cvtres.read.1.tlog
F:\WSN_Simulation\WSN_Main\Debug\link.17684-cvtres.write.1.tlog
F:\WSN_Simulation\WSN_Main\Debug\link.17684-rc.read.1.tlog
F:\WSN_Simulation\WSN_Main\Debug\link.17684-rc.write.1.tlog
F:\WSN_Simulation\WSN_Main\Debug\link.17684.read.1.tlog
F:\WSN_Simulation\WSN_Main\Debug\link.17684.write.1.tlog
F:\WSN_Simulation\WSN_Main\Debug\link.19172-cvtres.read.1.tlog
F:\WSN_Simulation\WSN_Main\Debug\link.19172-cvtres.write.1.tlog
F:\WSN_Simulation\WSN_Main\Debug\link.19172-rc.read.1.tlog
F:\WSN_Simulation\WSN_Main\Debug\link.19172-rc.write.1.tlog
F:\WSN_Simulation\WSN_Main\Debug\link.19172.read.1.tlog
F:\WSN_Simulation\WSN_Main\Debug\link.19172.write.1.tlog
F:\WSN_Simulation\WSN_Main\Debug\link.1984-cvtres.read.1.tlog
F:\WSN_Simulation\WSN_Main\Debug\link.1984-cvtres.write.1.tlog
F:\WSN_Simulation\WSN_Main\Debug\link.1984-rc.read.1.tlog
F:\WSN_Simulation\WSN_Main\Debug\link.1984-rc.write.1.tlog
F:\WSN_Simulation\WSN_Main\Debug\link.1984.read.1.tlog
F:\WSN_Simulation\WSN_Main\Debug\link.1984.write.1.tlog
F:\WSN_Simulation\WSN_Main\Debug\link.2132-cvtres.read.1.tlog
F:\WSN_Simulation\WSN_Main\Debug\link.2132-cvtres.write.1.tlog
F:\WSN_Simulation\WSN_Main\Debug\link.2132-rc.read.1.tlog
F:\WSN_Simulation\WSN_Main\Debug\link.2132-rc.write.1.tlog
F:\WSN_Simulation\WSN_Main\Debug\link.2132.read.1.tlog
F:\WSN_Simulation\WSN_Main\Debug\link.2132.write.1.tlog
F:\WSN_Simulation\WSN_Main\Debug\link.2464-cvtres.read.1.tlog
F:\WSN_Simulation\WSN_Main\Debug\link.2464-cvtres.write.1.tlog
F:\WSN_Simulation\WSN_Main\Debug\link.2464-rc.read.1.tlog
F:\WSN_Simulation\WSN_Main\Debug\link.2464-rc.write.1.tlog
F:\WSN_Simulation\WSN_Main\Debug\link.2464.read.1.tlog
F:\WSN_Simulation\WSN_Main\Debug\link.2464.write.1.tlog
F:\WSN_Simulation\WSN_Main\Debug\link.2540-cvtres.read.1.tlog
F:\WSN_Simulation\WSN_Main\Debug\link.2540-cvtres.write.1.tlog
F:\WSN_Simulation\WSN_Main\Debug\link.2540-rc.read.1.tlog
F:\WSN_Simulation\WSN_Main\Debug\link.2540-rc.write.1.tlog
F:\WSN_Simulation\WSN_Main\Debug\link.2540.read.1.tlog
F:\WSN_Simulation\WSN_Main\Debug\link.2540.write.1.tlog
F:\WSN_Simulation\WSN_Main\Debug\link.2552-cvtres.read.1.tlog
F:\WSN_Simulation\WSN_Main\Debug\link.2552-cvtres.write.1.tlog
F:\WSN_Simulation\WSN_Main\Debug\link.2552-rc.read.1.tlog
F:\WSN_Simulation\WSN_Main\Debug\link.2552-rc.write.1.tlog
F:\WSN_Simulation\WSN_Main\Debug\link.2552.read.1.tlog
F:\WSN_Simulation\WSN_Main\Debug\link.2552.write.1.tlog
F:\WSN_Simulation\WSN_Main\Debug\link.2796-cvtres.read.1.tlog
F:\WSN_Simulation\WSN_Main\Debug\link.2796-cvtres.write.1.tlog
F:\WSN_Simulation\WSN_Main\Debug\link.2796-rc.read.1.tlog
F:\WSN_Simulation\WSN_Main\Debug\link.2796-rc.write.1.tlog
F:\WSN_Simulation\WSN_Main\Debug\link.2796.read.1.tlog
F:\WSN_Simulation\WSN_Main\Debug\link.2796.write.1.tlog
F:\WSN_Simulation\WSN_Main\Debug\link.2952-cvtres.read.1.tlog
F:\WSN_Simulation\WSN_Main\Debug\link.2952-cvtres.write.1.tlog
F:\WSN_Simulation\WSN_Main\Debug\link.2952-rc.read.1.tlog
F:\WSN_Simulation\WSN_Main\Debug\link.2952-rc.write.1.tlog
F:\WSN_Simulation\WSN_Main\Debug\link.2952.read.1.tlog
F:\WSN_Simulation\WSN_Main\Debug\link.2952.write.1.tlog
F:\WSN_Simulation\WSN_Main\Debug\link.3144-cvtres.read.1.tlog
F:\WSN_Simulation\WSN_Main\Debug\link.3144-cvtres.write.1.tlog
F:\WSN_Simulation\WSN_Main\Debug\link.3144-rc.read.1.tlog
F:\WSN_Simulation\WSN_Main\Debug\link.3144-rc.write.1.tlog
F:\WSN_Simulation\WSN_Main\Debug\link.3144.read.1.tlog
F:\WSN_Simulation\WSN_Main\Debug\link.3144.write.1.tlog
F:\WSN_Simulation\WSN_Main\Debug\link.3252-cvtres.read.1.tlog
F:\WSN_Simulation\WSN_Main\Debug\link.3252-cvtres.write.1.tlog
F:\WSN_Simulation\WSN_Main\Debug\link.3252-rc.read.1.tlog
F:\WSN_Simulation\WSN_Main\Debug\link.3252-rc.write.1.tlog
F:\WSN_Simulation\WSN_Main\Debug\link.3252.read.1.tlog
F:\WSN_Simulation\WSN_Main\Debug\link.3252.write.1.tlog
F:\WSN_Simulation\WSN_Main\Debug\link.3300-cvtres.read.1.tlog
F:\WSN_Simulation\WSN_Main\Debug\link.3300-cvtres.write.1.tlog
F:\WSN_Simulation\WSN_Main\Debug\link.3300-rc.read.1.tlog
F:\WSN_Simulation\WSN_Main\Debug\link.3300-rc.write.1.tlog
F:\WSN_Simulation\WSN_Main\Debug\link.3300.read.1.tlog
F:\WSN_Simulation\WSN_Main\Debug\link.3300.write.1.tlog
F:\WSN_Simulation\WSN_Main\Debug\link.3536-cvtres.read.1.tlog
F:\WSN_Simulation\WSN_Main\Debug\link.3536-cvtres.write.1.tlog
F:\WSN_Simulation\WSN_Main\Debug\link.3536-rc.read.1.tlog
F:\WSN_Simulation\WSN_Main\Debug\link.3536-rc.write.1.tlog
F:\WSN_Simulation\WSN_Main\Debug\link.3536.read.1.tlog
F:\WSN_Simulation\WSN_Main\Debug\link.3536.write.1.tlog
F:\WSN_Simulation\WSN_Main\Debug\link.3548-cvtres.read.1.tlog
F:\WSN_Simulation\WSN_Main\Debug\link.3548-cvtres.write.1.tlog
F:\WSN_Simulation\WSN_Main\Debug\link.3548-rc.read.1.tlog
F:\WSN_Simulation\WSN_Main\Debug\link.3548-rc.write.1.tlog
F:\WSN_Simulation\WSN_Main\Debug\link.3548.read.1.tlog
F:\WSN_Simulation\WSN_Main\Debug\link.3548.write.1.tlog
F:\WSN_Simulation\WSN_Main\Debug\link.3604-cvtres.read.1.tlog
F:\WSN_Simulation\WSN_Main\Debug\link.3604-cvtres.write.1.tlog
F:\WSN_Simulation\WSN_Main\Debug\link.3604-rc.read.1.tlog
F:\WSN_Simulation\WSN_Main\Debug\link.3604-rc.write.1.tlog
F:\WSN_Simulation\WSN_Main\Debug\link.3604.read.1.tlog
F:\WSN_Simulation\WSN_Main\Debug\link.3604.write.1.tlog
F:\WSN_Simulation\WSN_Main\Debug\link.3656-cvtres.read.1.tlog
F:\WSN_Simulation\WSN_Main\Debug\link.3656-cvtres.write.1.tlog
F:\WSN_Simulation\WSN_Main\Debug\link.3656-rc.read.1.tlog
F:\WSN_Simulation\WSN_Main\Debug\link.3656-rc.write.1.tlog
F:\WSN_Simulation\WSN_Main\Debug\link.3656.read.1.tlog
F:\WSN_Simulation\WSN_Main\Debug\link.3656.write.1.tlog
F:\WSN_Simulation\WSN_Main\Debug\link.3660-cvtres.read.1.tlog
F:\WSN_Simulation\WSN_Main\Debug\link.3660-cvtres.write.1.tlog
F:\WSN_Simulation\WSN_Main\Debug\link.3660.read.1.tlog
F:\WSN_Simulation\WSN_Main\Debug\link.3660.write.1.tlog
F:\WSN_Simulation\WSN_Main\Debug\link.3804-cvtres.read.1.tlog
F:\WSN_Simulation\WSN_Main\Debug\link.3804-cvtres.write.1.tlog
F:\WSN_Simulation\WSN_Main\Debug\link.3804-rc.read.1.tlog
F:\WSN_Simulation\WSN_Main\Debug\link.3804-rc.write.1.tlog
F:\WSN_Simulation\WSN_Main\Debug\link.3804.read.1.tlog
F:\WSN_Simulation\WSN_Main\Debug\link.3804.write.1.tlog
F:\WSN_Simulation\WSN_Main\Debug\link.3936-cvtres.read.1.tlog
F:\WSN_Simulation\WSN_Main\Debug\link.3936-cvtres.write.1.tlog
F:\WSN_Simulation\WSN_Main\Debug\link.3936-rc.read.1.tlog
F:\WSN_Simulation\WSN_Main\Debug\link.3936-rc.write.1.tlog
F:\WSN_Simulation\WSN_Main\Debug\link.3936.read.1.tlog
F:\WSN_Simulation\WSN_Main\Debug\link.3936.write.1.tlog
F:\WSN_Simulation\WSN_Main\Debug\link.4000-cvtres.read.1.tlog
F:\WSN_Simulation\WSN_Main\Debug\link.4000-cvtres.write.1.tlog
F:\WSN_Simulation\WSN_Main\Debug\link.4000-rc.read.1.tlog
F:\WSN_Simulation\WSN_Main\Debug\link.4000-rc.write.1.tlog
F:\WSN_Simulation\WSN_Main\Debug\link.4000.read.1.tlog
F:\WSN_Simulation\WSN_Main\Debug\link.4000.write.1.tlog
F:\WSN_Simulation\WSN_Main\Debug\link.4020-cvtres.read.1.tlog
F:\WSN_Simulation\WSN_Main\Debug\link.4020-cvtres.write.1.tlog
F:\WSN_Simulation\WSN_Main\Debug\link.4020-rc.read.1.tlog
F:\WSN_Simulation\WSN_Main\Debug\link.4020-rc.write.1.tlog
F:\WSN_Simulation\WSN_Main\Debug\link.4020.read.1.tlog
F:\WSN_Simulation\WSN_Main\Debug\link.4020.write.1.tlog
F:\WSN_Simulation\WSN_Main\Debug\link.4120-cvtres.read.1.tlog
F:\WSN_Simulation\WSN_Main\Debug\link.4120-cvtres.write.1.tlog
F:\WSN_Simulation\WSN_Main\Debug\link.4120-rc.read.1.tlog
F:\WSN_Simulation\WSN_Main\Debug\link.4120-rc.write.1.tlog
F:\WSN_Simulation\WSN_Main\Debug\link.4120.read.1.tlog
F:\WSN_Simulation\WSN_Main\Debug\link.4120.write.1.tlog
F:\WSN_Simulation\WSN_Main\Debug\link.4132-cvtres.read.1.tlog
F:\WSN_Simulation\WSN_Main\Debug\link.4132-cvtres.write.1.tlog
F:\WSN_Simulation\WSN_Main\Debug\link.4132-rc.read.1.tlog
F:\WSN_Simulation\WSN_Main\Debug\link.4132-rc.write.1.tlog
F:\WSN_Simulation\WSN_Main\Debug\link.4132.read.1.tlog
F:\WSN_Simulation\WSN_Main\Debug\link.4132.write.1.tlog
F:\WSN_Simulation\WSN_Main\Debug\link.4192-cvtres.read.1.tlog
F:\WSN_Simulation\WSN_Main\Debug\link.4192-cvtres.write.1.tlog
F:\WSN_Simulation\WSN_Main\Debug\link.4192-rc.read.1.tlog
F:\WSN_Simulation\WSN_Main\Debug\link.4192-rc.write.1.tlog
F:\WSN_Simulation\WSN_Main\Debug\link.4192.read.1.tlog
F:\WSN_Simulation\WSN_Main\Debug\link.4192.write.1.tlog
F:\WSN_Simulation\WSN_Main\Debug\link.4316-cvtres.read.1.tlog
F:\WSN_Simulation\WSN_Main\Debug\link.4316-cvtres.write.1.tlog
F:\WSN_Simulation\WSN_Main\Debug\link.4316-rc.read.1.tlog
F:\WSN_Simulation\WSN_Main\Debug\link.4316-rc.write.1.tlog
F:\WSN_Simulation\WSN_Main\Debug\link.4316.read.1.tlog
F:\WSN_Simulation\WSN_Main\Debug\link.4316.write.1.tlog
F:\WSN_Simulation\WSN_Main\Debug\link.4328-cvtres.read.1.tlog
F:\WSN_Simulation\WSN_Main\Debug\link.4328-cvtres.write.1.tlog
F:\WSN_Simulation\WSN_Main\Debug\link.4328-rc.read.1.tlog
F:\WSN_Simulation\WSN_Main\Debug\link.4328-rc.write.1.tlog
F:\WSN_Simulation\WSN_Main\Debug\link.4328.read.1.tlog
F:\WSN_Simulation\WSN_Main\Debug\link.4328.write.1.tlog
F:\WSN_Simulation\WSN_Main\Debug\link.4332-cvtres.read.1.tlog
F:\WSN_Simulation\WSN_Main\Debug\link.4332-cvtres.write.1.tlog
F:\WSN_Simulation\WSN_Main\Debug\link.4332-rc.read.1.tlog
F:\WSN_Simulation\WSN_Main\Debug\link.4332-rc.write.1.tlog
F:\WSN_Simulation\WSN_Main\Debug\link.4332.read.1.tlog
F:\WSN_Simulation\WSN_Main\Debug\link.4332.write.1.tlog
F:\WSN_Simulation\WSN_Main\Debug\link.4340-cvtres.read.1.tlog
F:\WSN_Simulation\WSN_Main\Debug\link.4340-cvtres.write.1.tlog
F:\WSN_Simulation\WSN_Main\Debug\link.4340-rc.read.1.tlog
F:\WSN_Simulation\WSN_Main\Debug\link.4340-rc.write.1.tlog
F:\WSN_Simulation\WSN_Main\Debug\link.4340.read.1.tlog
F:\WSN_Simulation\WSN_Main\Debug\link.4340.write.1.tlog
F:\WSN_Simulation\WSN_Main\Debug\link.436-cvtres.read.1.tlog
F:\WSN_Simulation\WSN_Main\Debug\link.436-cvtres.write.1.tlog
F:\WSN_Simulation\WSN_Main\Debug\link.436-rc.read.1.tlog
F:\WSN_Simulation\WSN_Main\Debug\link.436-rc.write.1.tlog
F:\WSN_Simulation\WSN_Main\Debug\link.436.read.1.tlog
F:\WSN_Simulation\WSN_Main\Debug\link.436.write.1.tlog
F:\WSN_Simulation\WSN_Main\Debug\link.4372-cvtres.read.1.tlog
F:\WSN_Simulation\WSN_Main\Debug\link.4372-cvtres.write.1.tlog
F:\WSN_Simulation\WSN_Main\Debug\link.4372-rc.read.1.tlog
F:\WSN_Simulation\WSN_Main\Debug\link.4372-rc.write.1.tlog
F:\WSN_Simulation\WSN_Main\Debug\link.4372.read.1.tlog
F:\WSN_Simulation\WSN_Main\Debug\link.4372.write.1.tlog
F:\WSN_Simulation\WSN_Main\Debug\link.4436-cvtres.read.1.tlog
F:\WSN_Simulation\WSN_Main\Debug\link.4436-cvtres.write.1.tlog
F:\WSN_Simulation\WSN_Main\Debug\link.4436-rc.read.1.tlog
F:\WSN_Simulation\WSN_Main\Debug\link.4436-rc.write.1.tlog
F:\WSN_Simulation\WSN_Main\Debug\link.4436.read.1.tlog
F:\WSN_Simulation\WSN_Main\Debug\link.4436.write.1.tlog
F:\WSN_Simulation\WSN_Main\Debug\link.4544-cvtres.read.1.tlog
F:\WSN_Simulation\WSN_Main\Debug\link.4544-cvtres.write.1.tlog
F:\WSN_Simulation\WSN_Main\Debug\link.4544-rc.read.1.tlog
F:\WSN_Simulation\WSN_Main\Debug\link.4544-rc.write.1.tlog
F:\WSN_Simulation\WSN_Main\Debug\link.4544.read.1.tlog
F:\WSN_Simulation\WSN_Main\Debug\link.4544.write.1.tlog
F:\WSN_Simulation\WSN_Main\Debug\link.4568-cvtres.read.1.tlog
F:\WSN_Simulation\WSN_Main\Debug\link.4568-cvtres.write.1.tlog
F:\WSN_Simulation\WSN_Main\Debug\link.4568-rc.read.1.tlog
F:\WSN_Simulation\WSN_Main\Debug\link.4568-rc.write.1.tlog
F:\WSN_Simulation\WSN_Main\Debug\link.4568.read.1.tlog
F:\WSN_Simulation\WSN_Main\Debug\link.4568.write.1.tlog
F:\WSN_Simulation\WSN_Main\Debug\link.4664-cvtres.read.1.tlog
F:\WSN_Simulation\WSN_Main\Debug\link.4664-cvtres.write.1.tlog
F:\WSN_Simulation\WSN_Main\Debug\link.4664-rc.read.1.tlog
F:\WSN_Simulation\WSN_Main\Debug\link.4664-rc.write.1.tlog
F:\WSN_Simulation\WSN_Main\Debug\link.4664.read.1.tlog
F:\WSN_Simulation\WSN_Main\Debug\link.4664.write.1.tlog
F:\WSN_Simulation\WSN_Main\Debug\link.4692-cvtres.read.1.tlog
F:\WSN_Simulation\WSN_Main\Debug\link.4692-cvtres.write.1.tlog
F:\WSN_Simulation\WSN_Main\Debug\link.4692-rc.read.1.tlog
F:\WSN_Simulation\WSN_Main\Debug\link.4692-rc.write.1.tlog
F:\WSN_Simulation\WSN_Main\Debug\link.4692.read.1.tlog
F:\WSN_Simulation\WSN_Main\Debug\link.4692.write.1.tlog
F:\WSN_Simulation\WSN_Main\Debug\link.4768-cvtres.read.1.tlog
F:\WSN_Simulation\WSN_Main\Debug\link.4768-cvtres.write.1.tlog
F:\WSN_Simulation\WSN_Main\Debug\link.4768-rc.read.1.tlog
F:\WSN_Simulation\WSN_Main\Debug\link.4768-rc.write.1.tlog
F:\WSN_Simulation\WSN_Main\Debug\link.4768.read.1.tlog
F:\WSN_Simulation\WSN_Main\Debug\link.4768.write.1.tlog
F:\WSN_Simulation\WSN_Main\Debug\link.4792-cvtres.read.1.tlog
F:\WSN_Simulation\WSN_Main\Debug\link.4792-cvtres.write.1.tlog
F:\WSN_Simulation\WSN_Main\Debug\link.4792-rc.read.1.tlog
F:\WSN_Simulation\WSN_Main\Debug\link.4792-rc.write.1.tlog
F:\WSN_Simulation\WSN_Main\Debug\link.4792.read.1.tlog
F:\WSN_Simulation\WSN_Main\Debug\link.4792.write.1.tlog
F:\WSN_Simulation\WSN_Main\Debug\link.4804-cvtres.read.1.tlog
F:\WSN_Simulation\WSN_Main\Debug\link.4804-cvtres.write.1.tlog
F:\WSN_Simulation\WSN_Main\Debug\link.4804-rc.read.1.tlog
F:\WSN_Simulation\WSN_Main\Debug\link.4804-rc.write.1.tlog
F:\WSN_Simulation\WSN_Main\Debug\link.4804.read.1.tlog
F:\WSN_Simulation\WSN_Main\Debug\link.4804.write.1.tlog
F:\WSN_Simulation\WSN_Main\Debug\link.4868-cvtres.read.1.tlog
F:\WSN_Simulation\WSN_Main\Debug\link.4868-cvtres.write.1.tlog
F:\WSN_Simulation\WSN_Main\Debug\link.4868-rc.read.1.tlog
F:\WSN_Simulation\WSN_Main\Debug\link.4868-rc.write.1.tlog
F:\WSN_Simulation\WSN_Main\Debug\link.4868.read.1.tlog
F:\WSN_Simulation\WSN_Main\Debug\link.4868.write.1.tlog
F:\WSN_Simulation\WSN_Main\Debug\link.4884-cvtres.read.1.tlog
F:\WSN_Simulation\WSN_Main\Debug\link.4884-cvtres.write.1.tlog
F:\WSN_Simulation\WSN_Main\Debug\link.4884-rc.read.1.tlog
F:\WSN_Simulation\WSN_Main\Debug\link.4884-rc.write.1.tlog
F:\WSN_Simulation\WSN_Main\Debug\link.4884.read.1.tlog
F:\WSN_Simulation\WSN_Main\Debug\link.4884.write.1.tlog
F:\WSN_Simulation\WSN_Main\Debug\link.4960-cvtres.read.1.tlog
F:\WSN_Simulation\WSN_Main\Debug\link.4960-cvtres.write.1.tlog
F:\WSN_Simulation\WSN_Main\Debug\link.4960-rc.read.1.tlog
F:\WSN_Simulation\WSN_Main\Debug\link.4960-rc.write.1.tlog
F:\WSN_Simulation\WSN_Main\Debug\link.4960.read.1.tlog
F:\WSN_Simulation\WSN_Main\Debug\link.4960.write.1.tlog
F:\WSN_Simulation\WSN_Main\Debug\link.4976-cvtres.read.1.tlog
F:\WSN_Simulation\WSN_Main\Debug\link.4976-cvtres.write.1.tlog
F:\WSN_Simulation\WSN_Main\Debug\link.4976-rc.read.1.tlog
F:\WSN_Simulation\WSN_Main\Debug\link.4976-rc.write.1.tlog
F:\WSN_Simulation\WSN_Main\Debug\link.4976.read.1.tlog
F:\WSN_Simulation\WSN_Main\Debug\link.4976.write.1.tlog
F:\WSN_Simulation\WSN_Main\Debug\link.5008-cvtres.read.1.tlog
F:\WSN_Simulation\WSN_Main\Debug\link.5008-cvtres.write.1.tlog
F:\WSN_Simulation\WSN_Main\Debug\link.5008-rc.read.1.tlog
F:\WSN_Simulation\WSN_Main\Debug\link.5008-rc.write.1.tlog
F:\WSN_Simulation\WSN_Main\Debug\link.5008.read.1.tlog
F:\WSN_Simulation\WSN_Main\Debug\link.5008.write.1.tlog
F:\WSN_Simulation\WSN_Main\Debug\link.5056-cvtres.read.1.tlog
F:\WSN_Simulation\WSN_Main\Debug\link.5056-cvtres.write.1.tlog
F:\WSN_Simulation\WSN_Main\Debug\link.5056-rc.read.1.tlog
F:\WSN_Simulation\WSN_Main\Debug\link.5056-rc.write.1.tlog
F:\WSN_Simulation\WSN_Main\Debug\link.5056.read.1.tlog
F:\WSN_Simulation\WSN_Main\Debug\link.5056.write.1.tlog
F:\WSN_Simulation\WSN_Main\Debug\link.5100-cvtres.read.1.tlog
F:\WSN_Simulation\WSN_Main\Debug\link.5100-cvtres.write.1.tlog
F:\WSN_Simulation\WSN_Main\Debug\link.5100-rc.read.1.tlog
F:\WSN_Simulation\WSN_Main\Debug\link.5100-rc.write.1.tlog
F:\WSN_Simulation\WSN_Main\Debug\link.5100.read.1.tlog
F:\WSN_Simulation\WSN_Main\Debug\link.5100.write.1.tlog
F:\WSN_Simulation\WSN_Main\Debug\link.5116-cvtres.read.1.tlog
F:\WSN_Simulation\WSN_Main\Debug\link.5116-cvtres.write.1.tlog
F:\WSN_Simulation\WSN_Main\Debug\link.5116-rc.read.1.tlog
F:\WSN_Simulation\WSN_Main\Debug\link.5116-rc.write.1.tlog
F:\WSN_Simulation\WSN_Main\Debug\link.5116.read.1.tlog
F:\WSN_Simulation\WSN_Main\Debug\link.5116.write.1.tlog
F:\WSN_Simulation\WSN_Main\Debug\link.5140-cvtres.read.1.tlog
F:\WSN_Simulation\WSN_Main\Debug\link.5140-cvtres.write.1.tlog
F:\WSN_Simulation\WSN_Main\Debug\link.5140-rc.read.1.tlog
F:\WSN_Simulation\WSN_Main\Debug\link.5140-rc.write.1.tlog
F:\WSN_Simulation\WSN_Main\Debug\link.5140.read.1.tlog
F:\WSN_Simulation\WSN_Main\Debug\link.5140.write.1.tlog
F:\WSN_Simulation\WSN_Main\Debug\link.5144-cvtres.read.1.tlog
F:\WSN_Simulation\WSN_Main\Debug\link.5144-cvtres.write.1.tlog
F:\WSN_Simulation\WSN_Main\Debug\link.5144-rc.read.1.tlog
F:\WSN_Simulation\WSN_Main\Debug\link.5144-rc.write.1.tlog
F:\WSN_Simulation\WSN_Main\Debug\link.5144.read.1.tlog
F:\WSN_Simulation\WSN_Main\Debug\link.5144.write.1.tlog
F:\WSN_Simulation\WSN_Main\Debug\link.5220-cvtres.read.1.tlog
F:\WSN_Simulation\WSN_Main\Debug\link.5220-cvtres.write.1.tlog
F:\WSN_Simulation\WSN_Main\Debug\link.5220-rc.read.1.tlog
F:\WSN_Simulation\WSN_Main\Debug\link.5220-rc.write.1.tlog
F:\WSN_Simulation\WSN_Main\Debug\link.5220.read.1.tlog
F:\WSN_Simulation\WSN_Main\Debug\link.5220.write.1.tlog
F:\WSN_Simulation\WSN_Main\Debug\link.5224-cvtres.read.1.tlog
F:\WSN_Simulation\WSN_Main\Debug\link.5224-cvtres.write.1.tlog
F:\WSN_Simulation\WSN_Main\Debug\link.5224-rc.read.1.tlog
F:\WSN_Simulation\WSN_Main\Debug\link.5224-rc.write.1.tlog
F:\WSN_Simulation\WSN_Main\Debug\link.5224.read.1.tlog
F:\WSN_Simulation\WSN_Main\Debug\link.5224.write.1.tlog
F:\WSN_Simulation\WSN_Main\Debug\link.5328-cvtres.read.1.tlog
F:\WSN_Simulation\WSN_Main\Debug\link.5328-cvtres.write.1.tlog
F:\WSN_Simulation\WSN_Main\Debug\link.5328-rc.read.1.tlog
F:\WSN_Simulation\WSN_Main\Debug\link.5328-rc.write.1.tlog
F:\WSN_Simulation\WSN_Main\Debug\link.5328.read.1.tlog
F:\WSN_Simulation\WSN_Main\Debug\link.5328.write.1.tlog
F:\WSN_Simulation\WSN_Main\Debug\link.5392-cvtres.read.1.tlog
F:\WSN_Simulation\WSN_Main\Debug\link.5392-cvtres.write.1.tlog
F:\WSN_Simulation\WSN_Main\Debug\link.5392-rc.read.1.tlog
F:\WSN_Simulation\WSN_Main\Debug\link.5392-rc.write.1.tlog
F:\WSN_Simulation\WSN_Main\Debug\link.5392.read.1.tlog
F:\WSN_Simulation\WSN_Main\Debug\link.5392.write.1.tlog
F:\WSN_Simulation\WSN_Main\Debug\link.5436-cvtres.read.1.tlog
F:\WSN_Simulation\WSN_Main\Debug\link.5436-cvtres.write.1.tlog
F:\WSN_Simulation\WSN_Main\Debug\link.5436-rc.read.1.tlog
F:\WSN_Simulation\WSN_Main\Debug\link.5436-rc.write.1.tlog
F:\WSN_Simulation\WSN_Main\Debug\link.5436.read.1.tlog
F:\WSN_Simulation\WSN_Main\Debug\link.5436.write.1.tlog
F:\WSN_Simulation\WSN_Main\Debug\link.5552-cvtres.read.1.tlog
F:\WSN_Simulation\WSN_Main\Debug\link.5552-cvtres.write.1.tlog
F:\WSN_Simulation\WSN_Main\Debug\link.5552-rc.read.1.tlog
F:\WSN_Simulation\WSN_Main\Debug\link.5552-rc.write.1.tlog
F:\WSN_Simulation\WSN_Main\Debug\link.5552.read.1.tlog
F:\WSN_Simulation\WSN_Main\Debug\link.5552.write.1.tlog
F:\WSN_Simulation\WSN_Main\Debug\link.5596-cvtres.read.1.tlog
F:\WSN_Simulation\WSN_Main\Debug\link.5596-cvtres.write.1.tlog
F:\WSN_Simulation\WSN_Main\Debug\link.5596-rc.read.1.tlog
F:\WSN_Simulation\WSN_Main\Debug\link.5596-rc.write.1.tlog
F:\WSN_Simulation\WSN_Main\Debug\link.5596.read.1.tlog
F:\WSN_Simulation\WSN_Main\Debug\link.5596.write.1.tlog
F:\WSN_Simulation\WSN_Main\Debug\link.5628-cvtres.read.1.tlog
F:\WSN_Simulation\WSN_Main\Debug\link.5628-cvtres.write.1.tlog
F:\WSN_Simulation\WSN_Main\Debug\link.5628-rc.read.1.tlog
F:\WSN_Simulation\WSN_Main\Debug\link.5628-rc.write.1.tlog
F:\WSN_Simulation\WSN_Main\Debug\link.5628.read.1.tlog
F:\WSN_Simulation\WSN_Main\Debug\link.5628.write.1.tlog
F:\WSN_Simulation\WSN_Main\Debug\link.5672-cvtres.read.1.tlog
F:\WSN_Simulation\WSN_Main\Debug\link.5672-cvtres.write.1.tlog
F:\WSN_Simulation\WSN_Main\Debug\link.5672-rc.read.1.tlog
F:\WSN_Simulation\WSN_Main\Debug\link.5672-rc.write.1.tlog
F:\WSN_Simulation\WSN_Main\Debug\link.5672.read.1.tlog
F:\WSN_Simulation\WSN_Main\Debug\link.5672.write.1.tlog
F:\WSN_Simulation\WSN_Main\Debug\link.5680-cvtres.read.1.tlog
F:\WSN_Simulation\WSN_Main\Debug\link.5680-cvtres.write.1.tlog
F:\WSN_Simulation\WSN_Main\Debug\link.5680-rc.read.1.tlog
F:\WSN_Simulation\WSN_Main\Debug\link.5680-rc.write.1.tlog
F:\WSN_Simulation\WSN_Main\Debug\link.5680.read.1.tlog
F:\WSN_Simulation\WSN_Main\Debug\link.5680.write.1.tlog
F:\WSN_Simulation\WSN_Main\Debug\link.5692-cvtres.read.1.tlog
F:\WSN_Simulation\WSN_Main\Debug\link.5692-cvtres.write.1.tlog
F:\WSN_Simulation\WSN_Main\Debug\link.5692-rc.read.1.tlog
F:\WSN_Simulation\WSN_Main\Debug\link.5692-rc.write.1.tlog
F:\WSN_Simulation\WSN_Main\Debug\link.5692.read.1.tlog
F:\WSN_Simulation\WSN_Main\Debug\link.5692.write.1.tlog
F:\WSN_Simulation\WSN_Main\Debug\link.5704-cvtres.read.1.tlog
F:\WSN_Simulation\WSN_Main\Debug\link.5704-cvtres.write.1.tlog
F:\WSN_Simulation\WSN_Main\Debug\link.5704-rc.read.1.tlog
F:\WSN_Simulation\WSN_Main\Debug\link.5704-rc.write.1.tlog
F:\WSN_Simulation\WSN_Main\Debug\link.5704.read.1.tlog
F:\WSN_Simulation\WSN_Main\Debug\link.5704.write.1.tlog
F:\WSN_Simulation\WSN_Main\Debug\link.5736-cvtres.read.1.tlog
F:\WSN_Simulation\WSN_Main\Debug\link.5736-cvtres.write.1.tlog
F:\WSN_Simulation\WSN_Main\Debug\link.5736-rc.read.1.tlog
F:\WSN_Simulation\WSN_Main\Debug\link.5736-rc.write.1.tlog
F:\WSN_Simulation\WSN_Main\Debug\link.5736.read.1.tlog
F:\WSN_Simulation\WSN_Main\Debug\link.5736.write.1.tlog
F:\WSN_Simulation\WSN_Main\Debug\link.5756-cvtres.read.1.tlog
F:\WSN_Simulation\WSN_Main\Debug\link.5756-cvtres.write.1.tlog
F:\WSN_Simulation\WSN_Main\Debug\link.5756-rc.read.1.tlog
F:\WSN_Simulation\WSN_Main\Debug\link.5756-rc.write.1.tlog
F:\WSN_Simulation\WSN_Main\Debug\link.5756.read.1.tlog
F:\WSN_Simulation\WSN_Main\Debug\link.5756.write.1.tlog
F:\WSN_Simulation\WSN_Main\Debug\link.5796-cvtres.read.1.tlog
F:\WSN_Simulation\WSN_Main\Debug\link.5796-cvtres.write.1.tlog
F:\WSN_Simulation\WSN_Main\Debug\link.5796-rc.read.1.tlog
F:\WSN_Simulation\WSN_Main\Debug\link.5796-rc.write.1.tlog
F:\WSN_Simulation\WSN_Main\Debug\link.5796.read.1.tlog
F:\WSN_Simulation\WSN_Main\Debug\link.5796.write.1.tlog
F:\WSN_Simulation\WSN_Main\Debug\link.5824-cvtres.read.1.tlog
F:\WSN_Simulation\WSN_Main\Debug\link.5824-cvtres.write.1.tlog
F:\WSN_Simulation\WSN_Main\Debug\link.5824-rc.read.1.tlog
F:\WSN_Simulation\WSN_Main\Debug\link.5824-rc.write.1.tlog
F:\WSN_Simulation\WSN_Main\Debug\link.5824.read.1.tlog
F:\WSN_Simulation\WSN_Main\Debug\link.5824.write.1.tlog
F:\WSN_Simulation\WSN_Main\Debug\link.5832-cvtres.read.1.tlog
F:\WSN_Simulation\WSN_Main\Debug\link.5832-cvtres.write.1.tlog
F:\WSN_Simulation\WSN_Main\Debug\link.5832-rc.read.1.tlog
F:\WSN_Simulation\WSN_Main\Debug\link.5832-rc.write.1.tlog
F:\WSN_Simulation\WSN_Main\Debug\link.5832.read.1.tlog
F:\WSN_Simulation\WSN_Main\Debug\link.5832.write.1.tlog
F:\WSN_Simulation\WSN_Main\Debug\link.5860-cvtres.read.1.tlog
F:\WSN_Simulation\WSN_Main\Debug\link.5860-cvtres.write.1.tlog
F:\WSN_Simulation\WSN_Main\Debug\link.5860-rc.read.1.tlog
F:\WSN_Simulation\WSN_Main\Debug\link.5860-rc.write.1.tlog
F:\WSN_Simulation\WSN_Main\Debug\link.5860.read.1.tlog
F:\WSN_Simulation\WSN_Main\Debug\link.5860.write.1.tlog
F:\WSN_Simulation\WSN_Main\Debug\link.5928-cvtres.read.1.tlog
F:\WSN_Simulation\WSN_Main\Debug\link.5928-cvtres.write.1.tlog
F:\WSN_Simulation\WSN_Main\Debug\link.5928-rc.read.1.tlog
F:\WSN_Simulation\WSN_Main\Debug\link.5928-rc.write.1.tlog
F:\WSN_Simulation\WSN_Main\Debug\link.5928.read.1.tlog
F:\WSN_Simulation\WSN_Main\Debug\link.5928.write.1.tlog
F:\WSN_Simulation\WSN_Main\Debug\link.5932-cvtres.read.1.tlog
F:\WSN_Simulation\WSN_Main\Debug\link.5932-cvtres.write.1.tlog
F:\WSN_Simulation\WSN_Main\Debug\link.5932-rc.read.1.tlog
F:\WSN_Simulation\WSN_Main\Debug\link.5932-rc.write.1.tlog
F:\WSN_Simulation\WSN_Main\Debug\link.5932.read.1.tlog
F:\WSN_Simulation\WSN_Main\Debug\link.5932.write.1.tlog
F:\WSN_Simulation\WSN_Main\Debug\link.5952-cvtres.read.1.tlog
F:\WSN_Simulation\WSN_Main\Debug\link.5952-cvtres.write.1.tlog
F:\WSN_Simulation\WSN_Main\Debug\link.5952-rc.read.1.tlog
F:\WSN_Simulation\WSN_Main\Debug\link.5952-rc.write.1.tlog
F:\WSN_Simulation\WSN_Main\Debug\link.5952.read.1.tlog
F:\WSN_Simulation\WSN_Main\Debug\link.5952.write.1.tlog
F:\WSN_Simulation\WSN_Main\Debug\link.6008-cvtres.read.1.tlog
F:\WSN_Simulation\WSN_Main\Debug\link.6008-cvtres.write.1.tlog
F:\WSN_Simulation\WSN_Main\Debug\link.6008-rc.read.1.tlog
F:\WSN_Simulation\WSN_Main\Debug\link.6008-rc.write.1.tlog
F:\WSN_Simulation\WSN_Main\Debug\link.6008.read.1.tlog
F:\WSN_Simulation\WSN_Main\Debug\link.6008.write.1.tlog
F:\WSN_Simulation\WSN_Main\Debug\link.6072-cvtres.read.1.tlog
F:\WSN_Simulation\WSN_Main\Debug\link.6072-cvtres.write.1.tlog
F:\WSN_Simulation\WSN_Main\Debug\link.6072-rc.read.1.tlog
F:\WSN_Simulation\WSN_Main\Debug\link.6072-rc.write.1.tlog
F:\WSN_Simulation\WSN_Main\Debug\link.6072.read.1.tlog
F:\WSN_Simulation\WSN_Main\Debug\link.6072.write.1.tlog
F:\WSN_Simulation\WSN_Main\Debug\link.6076-cvtres.read.1.tlog
F:\WSN_Simulation\WSN_Main\Debug\link.6076-cvtres.write.1.tlog
F:\WSN_Simulation\WSN_Main\Debug\link.6076-rc.read.1.tlog
F:\WSN_Simulation\WSN_Main\Debug\link.6076-rc.write.1.tlog
F:\WSN_Simulation\WSN_Main\Debug\link.6076.read.1.tlog
F:\WSN_Simulation\WSN_Main\Debug\link.6076.write.1.tlog
F:\WSN_Simulation\WSN_Main\Debug\link.6080-cvtres.read.1.tlog
F:\WSN_Simulation\WSN_Main\Debug\link.6080-cvtres.write.1.tlog
F:\WSN_Simulation\WSN_Main\Debug\link.6080-rc.read.1.tlog
F:\WSN_Simulation\WSN_Main\Debug\link.6080-rc.write.1.tlog
F:\WSN_Simulation\WSN_Main\Debug\link.6080.read.1.tlog
F:\WSN_Simulation\WSN_Main\Debug\link.6080.write.1.tlog
F:\WSN_Simulation\WSN_Main\Debug\link.6164-cvtres.read.1.tlog
F:\WSN_Simulation\WSN_Main\Debug\link.6164-cvtres.write.1.tlog
F:\WSN_Simulation\WSN_Main\Debug\link.6164-rc.read.1.tlog
F:\WSN_Simulation\WSN_Main\Debug\link.6164-rc.write.1.tlog
F:\WSN_Simulation\WSN_Main\Debug\link.6164.read.1.tlog
F:\WSN_Simulation\WSN_Main\Debug\link.6164.write.1.tlog
F:\WSN_Simulation\WSN_Main\Debug\link.6180-cvtres.read.1.tlog
F:\WSN_Simulation\WSN_Main\Debug\link.6180-cvtres.write.1.tlog
F:\WSN_Simulation\WSN_Main\Debug\link.6180-rc.read.1.tlog
F:\WSN_Simulation\WSN_Main\Debug\link.6180-rc.write.1.tlog
F:\WSN_Simulation\WSN_Main\Debug\link.6180.read.1.tlog
F:\WSN_Simulation\WSN_Main\Debug\link.6180.write.1.tlog
F:\WSN_Simulation\WSN_Main\Debug\link.6200-cvtres.read.1.tlog
F:\WSN_Simulation\WSN_Main\Debug\link.6200-cvtres.write.1.tlog
F:\WSN_Simulation\WSN_Main\Debug\link.6200-rc.read.1.tlog
F:\WSN_Simulation\WSN_Main\Debug\link.6200-rc.write.1.tlog
F:\WSN_Simulation\WSN_Main\Debug\link.6200.read.1.tlog
F:\WSN_Simulation\WSN_Main\Debug\link.6200.write.1.tlog
F:\WSN_Simulation\WSN_Main\Debug\link.6244-cvtres.read.1.tlog
F:\WSN_Simulation\WSN_Main\Debug\link.6244-cvtres.write.1.tlog
F:\WSN_Simulation\WSN_Main\Debug\link.6244-rc.read.1.tlog
F:\WSN_Simulation\WSN_Main\Debug\link.6244-rc.write.1.tlog
F:\WSN_Simulation\WSN_Main\Debug\link.6244.read.1.tlog
F:\WSN_Simulation\WSN_Main\Debug\link.6244.write.1.tlog
F:\WSN_Simulation\WSN_Main\Debug\link.6324-cvtres.read.1.tlog
F:\WSN_Simulation\WSN_Main\Debug\link.6324-cvtres.write.1.tlog
F:\WSN_Simulation\WSN_Main\Debug\link.6324-rc.read.1.tlog
F:\WSN_Simulation\WSN_Main\Debug\link.6324-rc.write.1.tlog
F:\WSN_Simulation\WSN_Main\Debug\link.6324.read.1.tlog
F:\WSN_Simulation\WSN_Main\Debug\link.6324.write.1.tlog
F:\WSN_Simulation\WSN_Main\Debug\link.6332-cvtres.read.1.tlog
F:\WSN_Simulation\WSN_Main\Debug\link.6332-cvtres.write.1.tlog
F:\WSN_Simulation\WSN_Main\Debug\link.6332-rc.read.1.tlog
F:\WSN_Simulation\WSN_Main\Debug\link.6332-rc.write.1.tlog
F:\WSN_Simulation\WSN_Main\Debug\link.6332.read.1.tlog
F:\WSN_Simulation\WSN_Main\Debug\link.6332.write.1.tlog
F:\WSN_Simulation\WSN_Main\Debug\link.6356-cvtres.read.1.tlog
F:\WSN_Simulation\WSN_Main\Debug\link.6356-cvtres.write.1.tlog
F:\WSN_Simulation\WSN_Main\Debug\link.6356-rc.read.1.tlog
F:\WSN_Simulation\WSN_Main\Debug\link.6356-rc.write.1.tlog
F:\WSN_Simulation\WSN_Main\Debug\link.6356.read.1.tlog
F:\WSN_Simulation\WSN_Main\Debug\link.6356.write.1.tlog
F:\WSN_Simulation\WSN_Main\Debug\link.6400-cvtres.read.1.tlog
F:\WSN_Simulation\WSN_Main\Debug\link.6400-cvtres.write.1.tlog
F:\WSN_Simulation\WSN_Main\Debug\link.6400-rc.read.1.tlog
F:\WSN_Simulation\WSN_Main\Debug\link.6400-rc.write.1.tlog
F:\WSN_Simulation\WSN_Main\Debug\link.6400.read.1.tlog
F:\WSN_Simulation\WSN_Main\Debug\link.6400.write.1.tlog
F:\WSN_Simulation\WSN_Main\Debug\link.6404-cvtres.read.1.tlog
F:\WSN_Simulation\WSN_Main\Debug\link.6404-cvtres.write.1.tlog
F:\WSN_Simulation\WSN_Main\Debug\link.6404-rc.read.1.tlog
F:\WSN_Simulation\WSN_Main\Debug\link.6404-rc.write.1.tlog
F:\WSN_Simulation\WSN_Main\Debug\link.6404.read.1.tlog
F:\WSN_Simulation\WSN_Main\Debug\link.6404.write.1.tlog
F:\WSN_Simulation\WSN_Main\Debug\link.6412-cvtres.read.1.tlog
F:\WSN_Simulation\WSN_Main\Debug\link.6412-cvtres.write.1.tlog
F:\WSN_Simulation\WSN_Main\Debug\link.6412-rc.read.1.tlog
F:\WSN_Simulation\WSN_Main\Debug\link.6412-rc.write.1.tlog
F:\WSN_Simulation\WSN_Main\Debug\link.6412.read.1.tlog
F:\WSN_Simulation\WSN_Main\Debug\link.6412.write.1.tlog
F:\WSN_Simulation\WSN_Main\Debug\link.6424-cvtres.read.1.tlog
F:\WSN_Simulation\WSN_Main\Debug\link.6424-cvtres.write.1.tlog
F:\WSN_Simulation\WSN_Main\Debug\link.6424-rc.read.1.tlog
F:\WSN_Simulation\WSN_Main\Debug\link.6424-rc.write.1.tlog
F:\WSN_Simulation\WSN_Main\Debug\link.6424.read.1.tlog
F:\WSN_Simulation\WSN_Main\Debug\link.6424.write.1.tlog
F:\WSN_Simulation\WSN_Main\Debug\link.6484-cvtres.read.1.tlog
F:\WSN_Simulation\WSN_Main\Debug\link.6484-cvtres.write.1.tlog
F:\WSN_Simulation\WSN_Main\Debug\link.6484.read.1.tlog
F:\WSN_Simulation\WSN_Main\Debug\link.6484.write.1.tlog
F:\WSN_Simulation\WSN_Main\Debug\link.6520-cvtres.read.1.tlog
F:\WSN_Simulation\WSN_Main\Debug\link.6520-cvtres.write.1.tlog
F:\WSN_Simulation\WSN_Main\Debug\link.6520.read.1.tlog
F:\WSN_Simulation\WSN_Main\Debug\link.6520.write.1.tlog
F:\WSN_Simulation\WSN_Main\Debug\link.6556-cvtres.read.1.tlog
F:\WSN_Simulation\WSN_Main\Debug\link.6556-cvtres.write.1.tlog
F:\WSN_Simulation\WSN_Main\Debug\link.6556-rc.read.1.tlog
F:\WSN_Simulation\WSN_Main\Debug\link.6556-rc.write.1.tlog
F:\WSN_Simulation\WSN_Main\Debug\link.6556.read.1.tlog
F:\WSN_Simulation\WSN_Main\Debug\link.6556.write.1.tlog
F:\WSN_Simulation\WSN_Main\Debug\link.6600-cvtres.read.1.tlog
F:\WSN_Simulation\WSN_Main\Debug\link.6600-cvtres.write.1.tlog
F:\WSN_Simulation\WSN_Main\Debug\link.6600-rc.read.1.tlog
F:\WSN_Simulation\WSN_Main\Debug\link.6600-rc.write.1.tlog
F:\WSN_Simulation\WSN_Main\Debug\link.6600.read.1.tlog
F:\WSN_Simulation\WSN_Main\Debug\link.6600.write.1.tlog
F:\WSN_Simulation\WSN_Main\Debug\link.6640-cvtres.read.1.tlog
F:\WSN_Simulation\WSN_Main\Debug\link.6640-cvtres.write.1.tlog
F:\WSN_Simulation\WSN_Main\Debug\link.6640-rc.read.1.tlog
F:\WSN_Simulation\WSN_Main\Debug\link.6640-rc.write.1.tlog
F:\WSN_Simulation\WSN_Main\Debug\link.6640.read.1.tlog
F:\WSN_Simulation\WSN_Main\Debug\link.6640.write.1.tlog
F:\WSN_Simulation\WSN_Main\Debug\link.6660-cvtres.read.1.tlog
F:\WSN_Simulation\WSN_Main\Debug\link.6660-cvtres.write.1.tlog
F:\WSN_Simulation\WSN_Main\Debug\link.6660-rc.read.1.tlog
F:\WSN_Simulation\WSN_Main\Debug\link.6660-rc.write.1.tlog
F:\WSN_Simulation\WSN_Main\Debug\link.6660.read.1.tlog
F:\WSN_Simulation\WSN_Main\Debug\link.6660.write.1.tlog
F:\WSN_Simulation\WSN_Main\Debug\link.6716-cvtres.read.1.tlog
F:\WSN_Simulation\WSN_Main\Debug\link.6716-cvtres.write.1.tlog
F:\WSN_Simulation\WSN_Main\Debug\link.6716-rc.read.1.tlog
F:\WSN_Simulation\WSN_Main\Debug\link.6716-rc.write.1.tlog
F:\WSN_Simulation\WSN_Main\Debug\link.6716.read.1.tlog
F:\WSN_Simulation\WSN_Main\Debug\link.6716.write.1.tlog
F:\WSN_Simulation\WSN_Main\Debug\link.6844-cvtres.read.1.tlog
F:\WSN_Simulation\WSN_Main\Debug\link.6844-cvtres.write.1.tlog
F:\WSN_Simulation\WSN_Main\Debug\link.6844-rc.read.1.tlog
F:\WSN_Simulation\WSN_Main\Debug\link.6844-rc.write.1.tlog
F:\WSN_Simulation\WSN_Main\Debug\link.6844.read.1.tlog
F:\WSN_Simulation\WSN_Main\Debug\link.6844.write.1.tlog
F:\WSN_Simulation\WSN_Main\Debug\link.6928-cvtres.read.1.tlog
F:\WSN_Simulation\WSN_Main\Debug\link.6928-cvtres.write.1.tlog
F:\WSN_Simulation\WSN_Main\Debug\link.6928-rc.read.1.tlog
F:\WSN_Simulation\WSN_Main\Debug\link.6928-rc.write.1.tlog
F:\WSN_Simulation\WSN_Main\Debug\link.6928.read.1.tlog
F:\WSN_Simulation\WSN_Main\Debug\link.6928.write.1.tlog
F:\WSN_Simulation\WSN_Main\Debug\link.6960-cvtres.read.1.tlog
F:\WSN_Simulation\WSN_Main\Debug\link.6960-cvtres.write.1.tlog
F:\WSN_Simulation\WSN_Main\Debug\link.6960-rc.read.1.tlog
F:\WSN_Simulation\WSN_Main\Debug\link.6960-rc.write.1.tlog
F:\WSN_Simulation\WSN_Main\Debug\link.6960.read.1.tlog
F:\WSN_Simulation\WSN_Main\Debug\link.6960.write.1.tlog
F:\WSN_Simulation\WSN_Main\Debug\link.7012-cvtres.read.1.tlog
F:\WSN_Simulation\WSN_Main\Debug\link.7012-cvtres.write.1.tlog
F:\WSN_Simulation\WSN_Main\Debug\link.7012-rc.read.1.tlog
F:\WSN_Simulation\WSN_Main\Debug\link.7012-rc.write.1.tlog
F:\WSN_Simulation\WSN_Main\Debug\link.7012.read.1.tlog
F:\WSN_Simulation\WSN_Main\Debug\link.7012.write.1.tlog
F:\WSN_Simulation\WSN_Main\Debug\link.7036-cvtres.read.1.tlog
F:\WSN_Simulation\WSN_Main\Debug\link.7036-cvtres.write.1.tlog
F:\WSN_Simulation\WSN_Main\Debug\link.7036-rc.read.1.tlog
F:\WSN_Simulation\WSN_Main\Debug\link.7036-rc.write.1.tlog
F:\WSN_Simulation\WSN_Main\Debug\link.7036.read.1.tlog
F:\WSN_Simulation\WSN_Main\Debug\link.7036.write.1.tlog
F:\WSN_Simulation\WSN_Main\Debug\link.7040-cvtres.read.1.tlog
F:\WSN_Simulation\WSN_Main\Debug\link.7040-cvtres.write.1.tlog
F:\WSN_Simulation\WSN_Main\Debug\link.7040-rc.read.1.tlog
F:\WSN_Simulation\WSN_Main\Debug\link.7040-rc.write.1.tlog
F:\WSN_Simulation\WSN_Main\Debug\link.7040.read.1.tlog
F:\WSN_Simulation\WSN_Main\Debug\link.7040.write.1.tlog
F:\WSN_Simulation\WSN_Main\Debug\link.7052-cvtres.read.1.tlog
F:\WSN_Simulation\WSN_Main\Debug\link.7052-cvtres.write.1.tlog
F:\WSN_Simulation\WSN_Main\Debug\link.7052-rc.read.1.tlog
F:\WSN_Simulation\WSN_Main\Debug\link.7052-rc.write.1.tlog
F:\WSN_Simulation\WSN_Main\Debug\link.7052.read.1.tlog
F:\WSN_Simulation\WSN_Main\Debug\link.7052.write.1.tlog
F:\WSN_Simulation\WSN_Main\Debug\link.7180-cvtres.read.1.tlog
F:\WSN_Simulation\WSN_Main\Debug\link.7180-cvtres.write.1.tlog
F:\WSN_Simulation\WSN_Main\Debug\link.7180-rc.read.1.tlog
F:\WSN_Simulation\WSN_Main\Debug\link.7180-rc.write.1.tlog
F:\WSN_Simulation\WSN_Main\Debug\link.7180.read.1.tlog
F:\WSN_Simulation\WSN_Main\Debug\link.7180.write.1.tlog
F:\WSN_Simulation\WSN_Main\Debug\link.7200-cvtres.read.1.tlog
F:\WSN_Simulation\WSN_Main\Debug\link.7200-cvtres.write.1.tlog
F:\WSN_Simulation\WSN_Main\Debug\link.7200-rc.read.1.tlog
F:\WSN_Simulation\WSN_Main\Debug\link.7200-rc.write.1.tlog
F:\WSN_Simulation\WSN_Main\Debug\link.7200.read.1.tlog
F:\WSN_Simulation\WSN_Main\Debug\link.7200.write.1.tlog
F:\WSN_Simulation\WSN_Main\Debug\link.7276-cvtres.read.1.tlog
F:\WSN_Simulation\WSN_Main\Debug\link.7276-cvtres.write.1.tlog
F:\WSN_Simulation\WSN_Main\Debug\link.7276-rc.read.1.tlog
F:\WSN_Simulation\WSN_Main\Debug\link.7276-rc.write.1.tlog
F:\WSN_Simulation\WSN_Main\Debug\link.7276.read.1.tlog
F:\WSN_Simulation\WSN_Main\Debug\link.7276.write.1.tlog
F:\WSN_Simulation\WSN_Main\Debug\link.7300-cvtres.read.1.tlog
F:\WSN_Simulation\WSN_Main\Debug\link.7300-cvtres.write.1.tlog
F:\WSN_Simulation\WSN_Main\Debug\link.7300-rc.read.1.tlog
F:\WSN_Simulation\WSN_Main\Debug\link.7300-rc.write.1.tlog
F:\WSN_Simulation\WSN_Main\Debug\link.7300.read.1.tlog
F:\WSN_Simulation\WSN_Main\Debug\link.7300.write.1.tlog
F:\WSN_Simulation\WSN_Main\Debug\link.7312-cvtres.read.1.tlog
F:\WSN_Simulation\WSN_Main\Debug\link.7312-cvtres.write.1.tlog
F:\WSN_Simulation\WSN_Main\Debug\link.7312-rc.read.1.tlog
F:\WSN_Simulation\WSN_Main\Debug\link.7312-rc.write.1.tlog
F:\WSN_Simulation\WSN_Main\Debug\link.7312.read.1.tlog
F:\WSN_Simulation\WSN_Main\Debug\link.7312.write.1.tlog
F:\WSN_Simulation\WSN_Main\Debug\link.7336-cvtres.read.1.tlog
F:\WSN_Simulation\WSN_Main\Debug\link.7336-cvtres.write.1.tlog
F:\WSN_Simulation\WSN_Main\Debug\link.7336-rc.read.1.tlog
F:\WSN_Simulation\WSN_Main\Debug\link.7336-rc.write.1.tlog
F:\WSN_Simulation\WSN_Main\Debug\link.7336.read.1.tlog
F:\WSN_Simulation\WSN_Main\Debug\link.7336.write.1.tlog
F:\WSN_Simulation\WSN_Main\Debug\link.7352-cvtres.read.1.tlog
F:\WSN_Simulation\WSN_Main\Debug\link.7352-cvtres.write.1.tlog
F:\WSN_Simulation\WSN_Main\Debug\link.7352-rc.read.1.tlog
F:\WSN_Simulation\WSN_Main\Debug\link.7352-rc.write.1.tlog
F:\WSN_Simulation\WSN_Main\Debug\link.7352.read.1.tlog
F:\WSN_Simulation\WSN_Main\Debug\link.7352.write.1.tlog
F:\WSN_Simulation\WSN_Main\Debug\link.7392-cvtres.read.1.tlog
F:\WSN_Simulation\WSN_Main\Debug\link.7392-cvtres.write.1.tlog
F:\WSN_Simulation\WSN_Main\Debug\link.7392.read.1.tlog
F:\WSN_Simulation\WSN_Main\Debug\link.7392.write.1.tlog
F:\WSN_Simulation\WSN_Main\Debug\link.7412-cvtres.read.1.tlog
F:\WSN_Simulation\WSN_Main\Debug\link.7412-cvtres.write.1.tlog
F:\WSN_Simulation\WSN_Main\Debug\link.7412-rc.read.1.tlog
F:\WSN_Simulation\WSN_Main\Debug\link.7412-rc.write.1.tlog
F:\WSN_Simulation\WSN_Main\Debug\link.7412.read.1.tlog
F:\WSN_Simulation\WSN_Main\Debug\link.7412.write.1.tlog
F:\WSN_Simulation\WSN_Main\Debug\link.7428-cvtres.read.1.tlog
F:\WSN_Simulation\WSN_Main\Debug\link.7428-cvtres.write.1.tlog
F:\WSN_Simulation\WSN_Main\Debug\link.7428-rc.read.1.tlog
F:\WSN_Simulation\WSN_Main\Debug\link.7428-rc.write.1.tlog
F:\WSN_Simulation\WSN_Main\Debug\link.7428.read.1.tlog
F:\WSN_Simulation\WSN_Main\Debug\link.7428.write.1.tlog
F:\WSN_Simulation\WSN_Main\Debug\link.7464-cvtres.read.1.tlog
F:\WSN_Simulation\WSN_Main\Debug\link.7464-cvtres.write.1.tlog
F:\WSN_Simulation\WSN_Main\Debug\link.7464-rc.read.1.tlog
F:\WSN_Simulation\WSN_Main\Debug\link.7464-rc.write.1.tlog
F:\WSN_Simulation\WSN_Main\Debug\link.7464.read.1.tlog
F:\WSN_Simulation\WSN_Main\Debug\link.7464.write.1.tlog
F:\WSN_Simulation\WSN_Main\Debug\link.7480-cvtres.read.1.tlog
F:\WSN_Simulation\WSN_Main\Debug\link.7480-cvtres.write.1.tlog
F:\WSN_Simulation\WSN_Main\Debug\link.7480-rc.read.1.tlog
F:\WSN_Simulation\WSN_Main\Debug\link.7480-rc.write.1.tlog
F:\WSN_Simulation\WSN_Main\Debug\link.7480.read.1.tlog
F:\WSN_Simulation\WSN_Main\Debug\link.7480.write.1.tlog
F:\WSN_Simulation\WSN_Main\Debug\link.7488-cvtres.read.1.tlog
F:\WSN_Simulation\WSN_Main\Debug\link.7488-cvtres.write.1.tlog
F:\WSN_Simulation\WSN_Main\Debug\link.7488-rc.read.1.tlog
F:\WSN_Simulation\WSN_Main\Debug\link.7488-rc.write.1.tlog
F:\WSN_Simulation\WSN_Main\Debug\link.7488.read.1.tlog
F:\WSN_Simulation\WSN_Main\Debug\link.7488.write.1.tlog
F:\WSN_Simulation\WSN_Main\Debug\link.7492-cvtres.read.1.tlog
F:\WSN_Simulation\WSN_Main\Debug\link.7492-cvtres.write.1.tlog
F:\WSN_Simulation\WSN_Main\Debug\link.7492-rc.read.1.tlog
F:\WSN_Simulation\WSN_Main\Debug\link.7492-rc.write.1.tlog
F:\WSN_Simulation\WSN_Main\Debug\link.7492.read.1.tlog
F:\WSN_Simulation\WSN_Main\Debug\link.7492.write.1.tlog
F:\WSN_Simulation\WSN_Main\Debug\link.7504-cvtres.read.1.tlog
F:\WSN_Simulation\WSN_Main\Debug\link.7504-cvtres.write.1.tlog
F:\WSN_Simulation\WSN_Main\Debug\link.7504-rc.read.1.tlog
F:\WSN_Simulation\WSN_Main\Debug\link.7504-rc.write.1.tlog
F:\WSN_Simulation\WSN_Main\Debug\link.7504.read.1.tlog
F:\WSN_Simulation\WSN_Main\Debug\link.7504.write.1.tlog
F:\WSN_Simulation\WSN_Main\Debug\link.7516-cvtres.read.1.tlog
F:\WSN_Simulation\WSN_Main\Debug\link.7516-cvtres.write.1.tlog
F:\WSN_Simulation\WSN_Main\Debug\link.7516-rc.read.1.tlog
F:\WSN_Simulation\WSN_Main\Debug\link.7516-rc.write.1.tlog
F:\WSN_Simulation\WSN_Main\Debug\link.7516.read.1.tlog
F:\WSN_Simulation\WSN_Main\Debug\link.7516.write.1.tlog
F:\WSN_Simulation\WSN_Main\Debug\link.7524-cvtres.read.1.tlog
F:\WSN_Simulation\WSN_Main\Debug\link.7524-cvtres.write.1.tlog
F:\WSN_Simulation\WSN_Main\Debug\link.7524-rc.read.1.tlog
F:\WSN_Simulation\WSN_Main\Debug\link.7524-rc.write.1.tlog
F:\WSN_Simulation\WSN_Main\Debug\link.7524.read.1.tlog
F:\WSN_Simulation\WSN_Main\Debug\link.7524.write.1.tlog
F:\WSN_Simulation\WSN_Main\Debug\link.7532-cvtres.read.1.tlog
F:\WSN_Simulation\WSN_Main\Debug\link.7532-cvtres.write.1.tlog
F:\WSN_Simulation\WSN_Main\Debug\link.7532-rc.read.1.tlog
F:\WSN_Simulation\WSN_Main\Debug\link.7532-rc.write.1.tlog
F:\WSN_Simulation\WSN_Main\Debug\link.7532.read.1.tlog
F:\WSN_Simulation\WSN_Main\Debug\link.7532.write.1.tlog
F:\WSN_Simulation\WSN_Main\Debug\link.7536-cvtres.read.1.tlog
F:\WSN_Simulation\WSN_Main\Debug\link.7536-cvtres.write.1.tlog
F:\WSN_Simulation\WSN_Main\Debug\link.7536-rc.read.1.tlog
F:\WSN_Simulation\WSN_Main\Debug\link.7536-rc.write.1.tlog
F:\WSN_Simulation\WSN_Main\Debug\link.7536.read.1.tlog
F:\WSN_Simulation\WSN_Main\Debug\link.7536.write.1.tlog
F:\WSN_Simulation\WSN_Main\Debug\link.7540-cvtres.read.1.tlog
F:\WSN_Simulation\WSN_Main\Debug\link.7540-cvtres.write.1.tlog
F:\WSN_Simulation\WSN_Main\Debug\link.7540-rc.read.1.tlog
F:\WSN_Simulation\WSN_Main\Debug\link.7540-rc.write.1.tlog
F:\WSN_Simulation\WSN_Main\Debug\link.7540.read.1.tlog
F:\WSN_Simulation\WSN_Main\Debug\link.7540.write.1.tlog
F:\WSN_Simulation\WSN_Main\Debug\link.7552-cvtres.read.1.tlog
F:\WSN_Simulation\WSN_Main\Debug\link.7552-cvtres.write.1.tlog
F:\WSN_Simulation\WSN_Main\Debug\link.7552-rc.read.1.tlog
F:\WSN_Simulation\WSN_Main\Debug\link.7552-rc.write.1.tlog
F:\WSN_Simulation\WSN_Main\Debug\link.7552.read.1.tlog
F:\WSN_Simulation\WSN_Main\Debug\link.7552.write.1.tlog
F:\WSN_Simulation\WSN_Main\Debug\link.7564-cvtres.read.1.tlog
F:\WSN_Simulation\WSN_Main\Debug\link.7564-cvtres.write.1.tlog
F:\WSN_Simulation\WSN_Main\Debug\link.7564-rc.read.1.tlog
F:\WSN_Simulation\WSN_Main\Debug\link.7564-rc.write.1.tlog
F:\WSN_Simulation\WSN_Main\Debug\link.7564.read.1.tlog
F:\WSN_Simulation\WSN_Main\Debug\link.7564.write.1.tlog
F:\WSN_Simulation\WSN_Main\Debug\link.7612-cvtres.read.1.tlog
F:\WSN_Simulation\WSN_Main\Debug\link.7612-cvtres.write.1.tlog
F:\WSN_Simulation\WSN_Main\Debug\link.7612-rc.read.1.tlog
F:\WSN_Simulation\WSN_Main\Debug\link.7612-rc.write.1.tlog
F:\WSN_Simulation\WSN_Main\Debug\link.7612.read.1.tlog
F:\WSN_Simulation\WSN_Main\Debug\link.7612.write.1.tlog
F:\WSN_Simulation\WSN_Main\Debug\link.7620-cvtres.read.1.tlog
F:\WSN_Simulation\WSN_Main\Debug\link.7620-cvtres.write.1.tlog
F:\WSN_Simulation\WSN_Main\Debug\link.7620-rc.read.1.tlog
F:\WSN_Simulation\WSN_Main\Debug\link.7620-rc.write.1.tlog
F:\WSN_Simulation\WSN_Main\Debug\link.7620.read.1.tlog
F:\WSN_Simulation\WSN_Main\Debug\link.7620.write.1.tlog
F:\WSN_Simulation\WSN_Main\Debug\link.7624-cvtres.read.1.tlog
F:\WSN_Simulation\WSN_Main\Debug\link.7624-cvtres.write.1.tlog
F:\WSN_Simulation\WSN_Main\Debug\link.7624-rc.read.1.tlog
F:\WSN_Simulation\WSN_Main\Debug\link.7624-rc.write.1.tlog
F:\WSN_Simulation\WSN_Main\Debug\link.7624.read.1.tlog
F:\WSN_Simulation\WSN_Main\Debug\link.7624.write.1.tlog
F:\WSN_Simulation\WSN_Main\Debug\link.7656-cvtres.read.1.tlog
F:\WSN_Simulation\WSN_Main\Debug\link.7656-cvtres.write.1.tlog
F:\WSN_Simulation\WSN_Main\Debug\link.7656-rc.read.1.tlog
F:\WSN_Simulation\WSN_Main\Debug\link.7656-rc.write.1.tlog
F:\WSN_Simulation\WSN_Main\Debug\link.7656.read.1.tlog
F:\WSN_Simulation\WSN_Main\Debug\link.7656.write.1.tlog
F:\WSN_Simulation\WSN_Main\Debug\link.7664-cvtres.read.1.tlog
F:\WSN_Simulation\WSN_Main\Debug\link.7664-cvtres.write.1.tlog
F:\WSN_Simulation\WSN_Main\Debug\link.7664-rc.read.1.tlog
F:\WSN_Simulation\WSN_Main\Debug\link.7664-rc.write.1.tlog
F:\WSN_Simulation\WSN_Main\Debug\link.7664.read.1.tlog
F:\WSN_Simulation\WSN_Main\Debug\link.7664.write.1.tlog
F:\WSN_Simulation\WSN_Main\Debug\link.7740-cvtres.read.1.tlog
F:\WSN_Simulation\WSN_Main\Debug\link.7740-cvtres.write.1.tlog
F:\WSN_Simulation\WSN_Main\Debug\link.7740-rc.read.1.tlog
F:\WSN_Simulation\WSN_Main\Debug\link.7740-rc.write.1.tlog
F:\WSN_Simulation\WSN_Main\Debug\link.7740.read.1.tlog
F:\WSN_Simulation\WSN_Main\Debug\link.7740.write.1.tlog
F:\WSN_Simulation\WSN_Main\Debug\link.7796-cvtres.read.1.tlog
F:\WSN_Simulation\WSN_Main\Debug\link.7796-cvtres.write.1.tlog
F:\WSN_Simulation\WSN_Main\Debug\link.7796-rc.read.1.tlog
F:\WSN_Simulation\WSN_Main\Debug\link.7796-rc.write.1.tlog
F:\WSN_Simulation\WSN_Main\Debug\link.7796.read.1.tlog
F:\WSN_Simulation\WSN_Main\Debug\link.7796.write.1.tlog
F:\WSN_Simulation\WSN_Main\Debug\link.7856-cvtres.read.1.tlog
F:\WSN_Simulation\WSN_Main\Debug\link.7856-cvtres.write.1.tlog
F:\WSN_Simulation\WSN_Main\Debug\link.7856-rc.read.1.tlog
F:\WSN_Simulation\WSN_Main\Debug\link.7856-rc.write.1.tlog
F:\WSN_Simulation\WSN_Main\Debug\link.7856.read.1.tlog
F:\WSN_Simulation\WSN_Main\Debug\link.7856.write.1.tlog
F:\WSN_Simulation\WSN_Main\Debug\link.7860-cvtres.read.1.tlog
F:\WSN_Simulation\WSN_Main\Debug\link.7860-cvtres.write.1.tlog
F:\WSN_Simulation\WSN_Main\Debug\link.7860-rc.read.1.tlog
F:\WSN_Simulation\WSN_Main\Debug\link.7860-rc.write.1.tlog
F:\WSN_Simulation\WSN_Main\Debug\link.7860.read.1.tlog
F:\WSN_Simulation\WSN_Main\Debug\link.7860.write.1.tlog
F:\WSN_Simulation\WSN_Main\Debug\link.7888-cvtres.read.1.tlog
F:\WSN_Simulation\WSN_Main\Debug\link.7888-cvtres.write.1.tlog
F:\WSN_Simulation\WSN_Main\Debug\link.7888-rc.read.1.tlog
F:\WSN_Simulation\WSN_Main\Debug\link.7888-rc.write.1.tlog
F:\WSN_Simulation\WSN_Main\Debug\link.7888.read.1.tlog
F:\WSN_Simulation\WSN_Main\Debug\link.7888.write.1.tlog
F:\WSN_Simulation\WSN_Main\Debug\link.7908-cvtres.read.1.tlog
F:\WSN_Simulation\WSN_Main\Debug\link.7908-cvtres.write.1.tlog
F:\WSN_Simulation\WSN_Main\Debug\link.7908.read.1.tlog
F:\WSN_Simulation\WSN_Main\Debug\link.7908.write.1.tlog
F:\WSN_Simulation\WSN_Main\Debug\link.7924-cvtres.read.1.tlog
F:\WSN_Simulation\WSN_Main\Debug\link.7924-cvtres.write.1.tlog
F:\WSN_Simulation\WSN_Main\Debug\link.7924.read.1.tlog
F:\WSN_Simulation\WSN_Main\Debug\link.7924.write.1.tlog
F:\WSN_Simulation\WSN_Main\Debug\link.7956-cvtres.read.1.tlog
F:\WSN_Simulation\WSN_Main\Debug\link.7956-cvtres.write.1.tlog
F:\WSN_Simulation\WSN_Main\Debug\link.7956-rc.read.1.tlog
F:\WSN_Simulation\WSN_Main\Debug\link.7956-rc.write.1.tlog
F:\WSN_Simulation\WSN_Main\Debug\link.7956.read.1.tlog
F:\WSN_Simulation\WSN_Main\Debug\link.7956.write.1.tlog
F:\WSN_Simulation\WSN_Main\Debug\link.7996-cvtres.read.1.tlog
F:\WSN_Simulation\WSN_Main\Debug\link.7996-cvtres.write.1.tlog
F:\WSN_Simulation\WSN_Main\Debug\link.7996-rc.read.1.tlog
F:\WSN_Simulation\WSN_Main\Debug\link.7996-rc.write.1.tlog
F:\WSN_Simulation\WSN_Main\Debug\link.7996.read.1.tlog
F:\WSN_Simulation\WSN_Main\Debug\link.7996.write.1.tlog
F:\WSN_Simulation\WSN_Main\Debug\link.8004-cvtres.read.1.tlog
F:\WSN_Simulation\WSN_Main\Debug\link.8004-cvtres.write.1.tlog
F:\WSN_Simulation\WSN_Main\Debug\link.8004-rc.read.1.tlog
F:\WSN_Simulation\WSN_Main\Debug\link.8004-rc.write.1.tlog
F:\WSN_Simulation\WSN_Main\Debug\link.8004.read.1.tlog
F:\WSN_Simulation\WSN_Main\Debug\link.8004.write.1.tlog
F:\WSN_Simulation\WSN_Main\Debug\link.8044-cvtres.read.1.tlog
F:\WSN_Simulation\WSN_Main\Debug\link.8044-cvtres.write.1.tlog
F:\WSN_Simulation\WSN_Main\Debug\link.8044-rc.read.1.tlog
F:\WSN_Simulation\WSN_Main\Debug\link.8044-rc.write.1.tlog
F:\WSN_Simulation\WSN_Main\Debug\link.8044.read.1.tlog
F:\WSN_Simulation\WSN_Main\Debug\link.8044.write.1.tlog
F:\WSN_Simulation\WSN_Main\Debug\link.8072-cvtres.read.1.tlog
F:\WSN_Simulation\WSN_Main\Debug\link.8072-cvtres.write.1.tlog
F:\WSN_Simulation\WSN_Main\Debug\link.8072-rc.read.1.tlog
F:\WSN_Simulation\WSN_Main\Debug\link.8072-rc.write.1.tlog
F:\WSN_Simulation\WSN_Main\Debug\link.8072.read.1.tlog
F:\WSN_Simulation\WSN_Main\Debug\link.8072.write.1.tlog
F:\WSN_Simulation\WSN_Main\Debug\link.8112-cvtres.read.1.tlog
F:\WSN_Simulation\WSN_Main\Debug\link.8112-cvtres.write.1.tlog
F:\WSN_Simulation\WSN_Main\Debug\link.8112-rc.read.1.tlog
F:\WSN_Simulation\WSN_Main\Debug\link.8112-rc.write.1.tlog
F:\WSN_Simulation\WSN_Main\Debug\link.8112.read.1.tlog
F:\WSN_Simulation\WSN_Main\Debug\link.8112.write.1.tlog
F:\WSN_Simulation\WSN_Main\Debug\link.8120-cvtres.read.1.tlog
F:\WSN_Simulation\WSN_Main\Debug\link.8120-cvtres.write.1.tlog
F:\WSN_Simulation\WSN_Main\Debug\link.8120-rc.read.1.tlog
F:\WSN_Simulation\WSN_Main\Debug\link.8120-rc.write.1.tlog
F:\WSN_Simulation\WSN_Main\Debug\link.8120.read.1.tlog
F:\WSN_Simulation\WSN_Main\Debug\link.8120.write.1.tlog
F:\WSN_Simulation\WSN_Main\Debug\link.8180-cvtres.read.1.tlog
F:\WSN_Simulation\WSN_Main\Debug\link.8180-cvtres.write.1.tlog
F:\WSN_Simulation\WSN_Main\Debug\link.8180-rc.read.1.tlog
F:\WSN_Simulation\WSN_Main\Debug\link.8180-rc.write.1.tlog
F:\WSN_Simulation\WSN_Main\Debug\link.8180.read.1.tlog
F:\WSN_Simulation\WSN_Main\Debug\link.8180.write.1.tlog
F:\WSN_Simulation\WSN_Main\Debug\link.8212-cvtres.read.1.tlog
F:\WSN_Simulation\WSN_Main\Debug\link.8212-cvtres.write.1.tlog
F:\WSN_Simulation\WSN_Main\Debug\link.8212-rc.read.1.tlog
F:\WSN_Simulation\WSN_Main\Debug\link.8212-rc.write.1.tlog
F:\WSN_Simulation\WSN_Main\Debug\link.8212.read.1.tlog
F:\WSN_Simulation\WSN_Main\Debug\link.8212.write.1.tlog
F:\WSN_Simulation\WSN_Main\Debug\link.8252-cvtres.read.1.tlog
F:\WSN_Simulation\WSN_Main\Debug\link.8252-cvtres.write.1.tlog
F:\WSN_Simulation\WSN_Main\Debug\link.8252-rc.read.1.tlog
F:\WSN_Simulation\WSN_Main\Debug\link.8252-rc.write.1.tlog
F:\WSN_Simulation\WSN_Main\Debug\link.8252.read.1.tlog
F:\WSN_Simulation\WSN_Main\Debug\link.8252.write.1.tlog
F:\WSN_Simulation\WSN_Main\Debug\link.8312-cvtres.read.1.tlog
F:\WSN_Simulation\WSN_Main\Debug\link.8312-cvtres.write.1.tlog
F:\WSN_Simulation\WSN_Main\Debug\link.8312-rc.read.1.tlog
F:\WSN_Simulation\WSN_Main\Debug\link.8312-rc.write.1.tlog
F:\WSN_Simulation\WSN_Main\Debug\link.8312.read.1.tlog
F:\WSN_Simulation\WSN_Main\Debug\link.8312.write.1.tlog
F:\WSN_Simulation\WSN_Main\Debug\link.8404-cvtres.read.1.tlog
F:\WSN_Simulation\WSN_Main\Debug\link.8404-cvtres.write.1.tlog
F:\WSN_Simulation\WSN_Main\Debug\link.8404-rc.read.1.tlog
F:\WSN_Simulation\WSN_Main\Debug\link.8404-rc.write.1.tlog
F:\WSN_Simulation\WSN_Main\Debug\link.8404.read.1.tlog
F:\WSN_Simulation\WSN_Main\Debug\link.8404.write.1.tlog
F:\WSN_Simulation\WSN_Main\Debug\link.8464-cvtres.read.1.tlog
F:\WSN_Simulation\WSN_Main\Debug\link.8464-cvtres.write.1.tlog
F:\WSN_Simulation\WSN_Main\Debug\link.8464-rc.read.1.tlog
F:\WSN_Simulation\WSN_Main\Debug\link.8464-rc.write.1.tlog
F:\WSN_Simulation\WSN_Main\Debug\link.8464.read.1.tlog
F:\WSN_Simulation\WSN_Main\Debug\link.8464.write.1.tlog
F:\WSN_Simulation\WSN_Main\Debug\link.8492-cvtres.read.1.tlog
F:\WSN_Simulation\WSN_Main\Debug\link.8492-cvtres.write.1.tlog
F:\WSN_Simulation\WSN_Main\Debug\link.8492-rc.read.1.tlog
F:\WSN_Simulation\WSN_Main\Debug\link.8492-rc.write.1.tlog
F:\WSN_Simulation\WSN_Main\Debug\link.8492.read.1.tlog
F:\WSN_Simulation\WSN_Main\Debug\link.8492.write.1.tlog
F:\WSN_Simulation\WSN_Main\Debug\link.8528-cvtres.read.1.tlog
F:\WSN_Simulation\WSN_Main\Debug\link.8528-cvtres.write.1.tlog
F:\WSN_Simulation\WSN_Main\Debug\link.8528-rc.read.1.tlog
F:\WSN_Simulation\WSN_Main\Debug\link.8528-rc.write.1.tlog
F:\WSN_Simulation\WSN_Main\Debug\link.8528.read.1.tlog
F:\WSN_Simulation\WSN_Main\Debug\link.8528.write.1.tlog
F:\WSN_Simulation\WSN_Main\Debug\link.8568-cvtres.read.1.tlog
F:\WSN_Simulation\WSN_Main\Debug\link.8568-cvtres.write.1.tlog
F:\WSN_Simulation\WSN_Main\Debug\link.8568-rc.read.1.tlog
F:\WSN_Simulation\WSN_Main\Debug\link.8568-rc.write.1.tlog
F:\WSN_Simulation\WSN_Main\Debug\link.8568.read.1.tlog
F:\WSN_Simulation\WSN_Main\Debug\link.8568.write.1.tlog
F:\WSN_Simulation\WSN_Main\Debug\link.8632-cvtres.read.1.tlog
F:\WSN_Simulation\WSN_Main\Debug\link.8632-cvtres.write.1.tlog
F:\WSN_Simulation\WSN_Main\Debug\link.8632-rc.read.1.tlog
F:\WSN_Simulation\WSN_Main\Debug\link.8632-rc.write.1.tlog
F:\WSN_Simulation\WSN_Main\Debug\link.8632.read.1.tlog
F:\WSN_Simulation\WSN_Main\Debug\link.8632.write.1.tlog
F:\WSN_Simulation\WSN_Main\Debug\link.8704-cvtres.read.1.tlog
F:\WSN_Simulation\WSN_Main\Debug\link.8704-cvtres.write.1.tlog
F:\WSN_Simulation\WSN_Main\Debug\link.8704-rc.read.1.tlog
F:\WSN_Simulation\WSN_Main\Debug\link.8704-rc.write.1.tlog
F:\WSN_Simulation\WSN_Main\Debug\link.8704.read.1.tlog
F:\WSN_Simulation\WSN_Main\Debug\link.8704.write.1.tlog
F:\WSN_Simulation\WSN_Main\Debug\link.8708-cvtres.read.1.tlog
F:\WSN_Simulation\WSN_Main\Debug\link.8708-cvtres.write.1.tlog
F:\WSN_Simulation\WSN_Main\Debug\link.8708-rc.read.1.tlog
F:\WSN_Simulation\WSN_Main\Debug\link.8708-rc.write.1.tlog
F:\WSN_Simulation\WSN_Main\Debug\link.8708.read.1.tlog
F:\WSN_Simulation\WSN_Main\Debug\link.8708.write.1.tlog
F:\WSN_Simulation\WSN_Main\Debug\link.8804-cvtres.read.1.tlog
F:\WSN_Simulation\WSN_Main\Debug\link.8804-cvtres.write.1.tlog
F:\WSN_Simulation\WSN_Main\Debug\link.8804-rc.read.1.tlog
F:\WSN_Simulation\WSN_Main\Debug\link.8804-rc.write.1.tlog
F:\WSN_Simulation\WSN_Main\Debug\link.8804.read.1.tlog
F:\WSN_Simulation\WSN_Main\Debug\link.8804.write.1.tlog
F:\WSN_Simulation\WSN_Main\Debug\link.8808-cvtres.read.1.tlog
F:\WSN_Simulation\WSN_Main\Debug\link.8808-cvtres.write.1.tlog
F:\WSN_Simulation\WSN_Main\Debug\link.8808-rc.read.1.tlog
F:\WSN_Simulation\WSN_Main\Debug\link.8808-rc.write.1.tlog
F:\WSN_Simulation\WSN_Main\Debug\link.8808.read.1.tlog
F:\WSN_Simulation\WSN_Main\Debug\link.8808.write.1.tlog
F:\WSN_Simulation\WSN_Main\Debug\link.8824-cvtres.read.1.tlog
F:\WSN_Simulation\WSN_Main\Debug\link.8824-cvtres.write.1.tlog
F:\WSN_Simulation\WSN_Main\Debug\link.8824-rc.read.1.tlog
F:\WSN_Simulation\WSN_Main\Debug\link.8824-rc.write.1.tlog
F:\WSN_Simulation\WSN_Main\Debug\link.8824.read.1.tlog
F:\WSN_Simulation\WSN_Main\Debug\link.8824.write.1.tlog
F:\WSN_Simulation\WSN_Main\Debug\link.8880-cvtres.read.1.tlog
F:\WSN_Simulation\WSN_Main\Debug\link.8880-cvtres.write.1.tlog
F:\WSN_Simulation\WSN_Main\Debug\link.8880-rc.read.1.tlog
F:\WSN_Simulation\WSN_Main\Debug\link.8880-rc.write.1.tlog
F:\WSN_Simulation\WSN_Main\Debug\link.8880.read.1.tlog
F:\WSN_Simulation\WSN_Main\Debug\link.8880.write.1.tlog
F:\WSN_Simulation\WSN_Main\Debug\link.8904-cvtres.read.1.tlog
F:\WSN_Simulation\WSN_Main\Debug\link.8904-cvtres.write.1.tlog
F:\WSN_Simulation\WSN_Main\Debug\link.8904-rc.read.1.tlog
F:\WSN_Simulation\WSN_Main\Debug\link.8904-rc.write.1.tlog
F:\WSN_Simulation\WSN_Main\Debug\link.8904.read.1.tlog
F:\WSN_Simulation\WSN_Main\Debug\link.8904.write.1.tlog
F:\WSN_Simulation\WSN_Main\Debug\link.9052-cvtres.read.1.tlog
F:\WSN_Simulation\WSN_Main\Debug\link.9052-cvtres.write.1.tlog
F:\WSN_Simulation\WSN_Main\Debug\link.9052-rc.read.1.tlog
F:\WSN_Simulation\WSN_Main\Debug\link.9052-rc.write.1.tlog
F:\WSN_Simulation\WSN_Main\Debug\link.9052.read.1.tlog
F:\WSN_Simulation\WSN_Main\Debug\link.9052.write.1.tlog
F:\WSN_Simulation\WSN_Main\Debug\link.9072-cvtres.read.1.tlog
F:\WSN_Simulation\WSN_Main\Debug\link.9072-cvtres.write.1.tlog
F:\WSN_Simulation\WSN_Main\Debug\link.9072-rc.read.1.tlog
F:\WSN_Simulation\WSN_Main\Debug\link.9072-rc.write.1.tlog
F:\WSN_Simulation\WSN_Main\Debug\link.9072.read.1.tlog
F:\WSN_Simulation\WSN_Main\Debug\link.9072.write.1.tlog
F:\WSN_Simulation\WSN_Main\Debug\link.9140-cvtres.read.1.tlog
F:\WSN_Simulation\WSN_Main\Debug\link.9140-cvtres.write.1.tlog
F:\WSN_Simulation\WSN_Main\Debug\link.9140-rc.read.1.tlog
F:\WSN_Simulation\WSN_Main\Debug\link.9140-rc.write.1.tlog
F:\WSN_Simulation\WSN_Main\Debug\link.9140.read.1.tlog
F:\WSN_Simulation\WSN_Main\Debug\link.9140.write.1.tlog
F:\WSN_Simulation\WSN_Main\Debug\link.9144-cvtres.read.1.tlog
F:\WSN_Simulation\WSN_Main\Debug\link.9144-cvtres.write.1.tlog
F:\WSN_Simulation\WSN_Main\Debug\link.9144-rc.read.1.tlog
F:\WSN_Simulation\WSN_Main\Debug\link.9144-rc.write.1.tlog
F:\WSN_Simulation\WSN_Main\Debug\link.9144.read.1.tlog
F:\WSN_Simulation\WSN_Main\Debug\link.9144.write.1.tlog
F:\WSN_Simulation\WSN_Main\Debug\link.9148-cvtres.read.1.tlog
F:\WSN_Simulation\WSN_Main\Debug\link.9148-cvtres.write.1.tlog
F:\WSN_Simulation\WSN_Main\Debug\link.9148-rc.read.1.tlog
F:\WSN_Simulation\WSN_Main\Debug\link.9148-rc.write.1.tlog
F:\WSN_Simulation\WSN_Main\Debug\link.9148.read.1.tlog
F:\WSN_Simulation\WSN_Main\Debug\link.9148.write.1.tlog
F:\WSN_Simulation\WSN_Main\Debug\link.9160-cvtres.read.1.tlog
F:\WSN_Simulation\WSN_Main\Debug\link.9160-cvtres.write.1.tlog
F:\WSN_Simulation\WSN_Main\Debug\link.9160-rc.read.1.tlog
F:\WSN_Simulation\WSN_Main\Debug\link.9160-rc.write.1.tlog
F:\WSN_Simulation\WSN_Main\Debug\link.9160.read.1.tlog
F:\WSN_Simulation\WSN_Main\Debug\link.9160.write.1.tlog
F:\WSN_Simulation\WSN_Main\Debug\link.9196-cvtres.read.1.tlog
F:\WSN_Simulation\WSN_Main\Debug\link.9196-cvtres.write.1.tlog
F:\WSN_Simulation\WSN_Main\Debug\link.9196-rc.read.1.tlog
F:\WSN_Simulation\WSN_Main\Debug\link.9196-rc.write.1.tlog
F:\WSN_Simulation\WSN_Main\Debug\link.9196.read.1.tlog
F:\WSN_Simulation\WSN_Main\Debug\link.9196.write.1.tlog
F:\WSN_Simulation\WSN_Main\Debug\link.9272-cvtres.read.1.tlog
F:\WSN_Simulation\WSN_Main\Debug\link.9272-cvtres.write.1.tlog
F:\WSN_Simulation\WSN_Main\Debug\link.9272-rc.read.1.tlog
F:\WSN_Simulation\WSN_Main\Debug\link.9272-rc.write.1.tlog
F:\WSN_Simulation\WSN_Main\Debug\link.9272.read.1.tlog
F:\WSN_Simulation\WSN_Main\Debug\link.9272.write.1.tlog
F:\WSN_Simulation\WSN_Main\Debug\link.9436-cvtres.read.1.tlog
F:\WSN_Simulation\WSN_Main\Debug\link.9436-cvtres.write.1.tlog
F:\WSN_Simulation\WSN_Main\Debug\link.9436-rc.read.1.tlog
F:\WSN_Simulation\WSN_Main\Debug\link.9436-rc.write.1.tlog
F:\WSN_Simulation\WSN_Main\Debug\link.9436.read.1.tlog
F:\WSN_Simulation\WSN_Main\Debug\link.9436.write.1.tlog
F:\WSN_Simulation\WSN_Main\Debug\link.9500-cvtres.read.1.tlog
F:\WSN_Simulation\WSN_Main\Debug\link.9500-cvtres.write.1.tlog
F:\WSN_Simulation\WSN_Main\Debug\link.9500-rc.read.1.tlog
F:\WSN_Simulation\WSN_Main\Debug\link.9500-rc.write.1.tlog
F:\WSN_Simulation\WSN_Main\Debug\link.9500.read.1.tlog
F:\WSN_Simulation\WSN_Main\Debug\link.9500.write.1.tlog
F:\WSN_Simulation\WSN_Main\Debug\link.9688-cvtres.read.1.tlog
F:\WSN_Simulation\WSN_Main\Debug\link.9688-cvtres.write.1.tlog
F:\WSN_Simulation\WSN_Main\Debug\link.9688-rc.read.1.tlog
F:\WSN_Simulation\WSN_Main\Debug\link.9688-rc.write.1.tlog
F:\WSN_Simulation\WSN_Main\Debug\link.9688.read.1.tlog
F:\WSN_Simulation\WSN_Main\Debug\link.9688.write.1.tlog
F:\WSN_Simulation\WSN_Main\Debug\link.9760-cvtres.read.1.tlog
F:\WSN_Simulation\WSN_Main\Debug\link.9760-cvtres.write.1.tlog
F:\WSN_Simulation\WSN_Main\Debug\link.9760-rc.read.1.tlog
F:\WSN_Simulation\WSN_Main\Debug\link.9760-rc.write.1.tlog
F:\WSN_Simulation\WSN_Main\Debug\link.9760.read.1.tlog
F:\WSN_Simulation\WSN_Main\Debug\link.9760.write.1.tlog
F:\WSN_Simulation\WSN_Main\Debug\link.9780-cvtres.read.1.tlog
F:\WSN_Simulation\WSN_Main\Debug\link.9780-cvtres.write.1.tlog
F:\WSN_Simulation\WSN_Main\Debug\link.9780-rc.read.1.tlog
F:\WSN_Simulation\WSN_Main\Debug\link.9780-rc.write.1.tlog
F:\WSN_Simulation\WSN_Main\Debug\link.9780.read.1.tlog
F:\WSN_Simulation\WSN_Main\Debug\link.9780.write.1.tlog
F:\WSN_Simulation\WSN_Main\Debug\link.9824-cvtres.read.1.tlog
F:\WSN_Simulation\WSN_Main\Debug\link.9824-cvtres.write.1.tlog
F:\WSN_Simulation\WSN_Main\Debug\link.9824-rc.read.1.tlog
F:\WSN_Simulation\WSN_Main\Debug\link.9824-rc.write.1.tlog
F:\WSN_Simulation\WSN_Main\Debug\link.9824.read.1.tlog
F:\WSN_Simulation\WSN_Main\Debug\link.9824.write.1.tlog
F:\WSN_Simulation\WSN_Main\Debug\link.9936-cvtres.read.1.tlog
F:\WSN_Simulation\WSN_Main\Debug\link.9936-cvtres.write.1.tlog
F:\WSN_Simulation\WSN_Main\Debug\link.9936-rc.read.1.tlog
F:\WSN_Simulation\WSN_Main\Debug\link.9936-rc.write.1.tlog
F:\WSN_Simulation\WSN_Main\Debug\link.9936.read.1.tlog
F:\WSN_Simulation\WSN_Main\Debug\link.9936.write.1.tlog
F:\WSN_Simulation\WSN_Main\Debug\link.9952-cvtres.read.1.tlog
F:\WSN_Simulation\WSN_Main\Debug\link.9952-cvtres.write.1.tlog
F:\WSN_Simulation\WSN_Main\Debug\link.9952-rc.read.1.tlog
F:\WSN_Simulation\WSN_Main\Debug\link.9952-rc.write.1.tlog
F:\WSN_Simulation\WSN_Main\Debug\link.9952.read.1.tlog
F:\WSN_Simulation\WSN_Main\Debug\link.9952.write.1.tlog
F:\WSN_Simulation\WSN_Main\Debug\link.9996-cvtres.read.1.tlog
F:\WSN_Simulation\WSN_Main\Debug\link.9996-cvtres.write.1.tlog
F:\WSN_Simulation\WSN_Main\Debug\link.9996-rc.read.1.tlog
F:\WSN_Simulation\WSN_Main\Debug\link.9996-rc.write.1.tlog
F:\WSN_Simulation\WSN_Main\Debug\link.9996.read.1.tlog
F:\WSN_Simulation\WSN_Main\Debug\link.9996.write.1.tlog
F:\WSN_Simulation\WSN_Main\Debug\link.command.1.tlog
F:\WSN_Simulation\WSN_Main\Debug\link.read.1.tlog
F:\WSN_Simulation\WSN_Main\Debug\link.write.1.tlog
F:\WSN_Simulation\WSN_Main\Debug\mt.command.1.tlog
F:\WSN_Simulation\WSN_Main\Debug\mt.read.1.tlog
F:\WSN_Simulation\WSN_Main\Debug\mt.write.1.tlog
F:\WSN_Simulation\WSN_Main\Debug\rc.command.1.tlog
F:\WSN_Simulation\WSN_Main\Debug\rc.read.1.tlog
F:\WSN_Simulation\WSN_Main\Debug\rc.write.1.tlog
F:\WSN_Simulation\WSN_Main\Debug\WSN_Main.write.1.tlog
F:\WSN_Simulation\WSN_Main\Debug\WSN_Main.exe.embed.manifest
F:\WSN_Simulation\WSN_Main\Debug\WSN_Main.exe.intermediate.manifest
F:\WSN_Simulation\WSN_Main\Debug\WSN_Main.exe.embed.manifest.res
F:\WSN_Simulation\WSN_Main\Debug\vc100.idb
F:\WSN_Simulation\WSN_Main\Debug\vc110.idb
F:\WSN_Simulation\WSN_Main\Debug\vc100.pdb
F:\WSN_Simulation\WSN_Main\Debug\vc110.pdb
F:\WSN_Simulation\WSN_Main\Debug\WSN_Main.pdb
F:\WSN_Simulation\WSN_Main\Debug\WSN_Main_manifest.rc
F:\WSN_Simulation\WSN_Main\Debug\WSN_Main.exe
